08:37:34.481 logback [http-nio-8085-exec-4] WARN  c.a.d.pool.DruidAbstractDataSource - discard long time none received connection. , jdbcUrl : jdbc:mysql://localhost:3306/vtube?useUnicode=true&characterEncoding=utf-8&useSSL=true&serverTimezone=UTC&socketTimeout=60000, version : 1.2.5, lastPacketReceivedIdleMillis : 389411
08:47:01.358 logback [http-nio-8085-exec-8] WARN  c.a.d.pool.DruidAbstractDataSource - discard long time none received connection. , jdbcUrl : jdbc:mysql://localhost:3306/vtube?useUnicode=true&characterEncoding=utf-8&useSSL=true&serverTimezone=UTC&socketTimeout=60000, version : 1.2.5, lastPacketReceivedIdleMillis : 566859
08:54:57.836 logback [http-nio-8085-exec-9] WARN  c.a.d.pool.DruidAbstractDataSource - discard long time none received connection. , jdbcUrl : jdbc:mysql://localhost:3306/vtube?useUnicode=true&characterEncoding=utf-8&useSSL=true&serverTimezone=UTC&socketTimeout=60000, version : 1.2.5, lastPacketReceivedIdleMillis : 476467
08:57:54.298 logback [http-nio-8085-exec-1] WARN  c.a.d.pool.DruidAbstractDataSource - discard long time none received connection. , jdbcUrl : jdbc:mysql://localhost:3306/vtube?useUnicode=true&characterEncoding=utf-8&useSSL=true&serverTimezone=UTC&socketTimeout=60000, version : 1.2.5, lastPacketReceivedIdleMillis : 176445
09:02:26.288 logback [http-nio-8085-exec-6] WARN  c.a.d.pool.DruidAbstractDataSource - discard long time none received connection. , jdbcUrl : jdbc:mysql://localhost:3306/vtube?useUnicode=true&characterEncoding=utf-8&useSSL=true&serverTimezone=UTC&socketTimeout=60000, version : 1.2.5, lastPacketReceivedIdleMillis : 271972
09:04:19.222 logback [http-nio-8085-exec-4] WARN  c.a.d.pool.DruidAbstractDataSource - discard long time none received connection. , jdbcUrl : jdbc:mysql://localhost:3306/vtube?useUnicode=true&characterEncoding=utf-8&useSSL=true&serverTimezone=UTC&socketTimeout=60000, version : 1.2.5, lastPacketReceivedIdleMillis : 112920
09:07:25.630 logback [http-nio-8085-exec-9] WARN  c.a.d.pool.DruidAbstractDataSource - discard long time none received connection. , jdbcUrl : jdbc:mysql://localhost:3306/vtube?useUnicode=true&characterEncoding=utf-8&useSSL=true&serverTimezone=UTC&socketTimeout=60000, version : 1.2.5, lastPacketReceivedIdleMillis : 103412
09:10:10.383 logback [http-nio-8085-exec-3] WARN  c.a.d.pool.DruidAbstractDataSource - discard long time none received connection. , jdbcUrl : jdbc:mysql://localhost:3306/vtube?useUnicode=true&characterEncoding=utf-8&useSSL=true&serverTimezone=UTC&socketTimeout=60000, version : 1.2.5, lastPacketReceivedIdleMillis : 149590
09:13:39.992 logback [http-nio-8085-exec-7] WARN  c.a.d.pool.DruidAbstractDataSource - discard long time none received connection. , jdbcUrl : jdbc:mysql://localhost:3306/vtube?useUnicode=true&characterEncoding=utf-8&useSSL=true&serverTimezone=UTC&socketTimeout=60000, version : 1.2.5, lastPacketReceivedIdleMillis : 209594
09:15:37.058 logback [http-nio-8085-exec-9] WARN  c.a.d.pool.DruidAbstractDataSource - discard long time none received connection. , jdbcUrl : jdbc:mysql://localhost:3306/vtube?useUnicode=true&characterEncoding=utf-8&useSSL=true&serverTimezone=UTC&socketTimeout=60000, version : 1.2.5, lastPacketReceivedIdleMillis : 65281
09:16:49.911 logback [http-nio-8085-exec-5] WARN  c.a.d.pool.DruidAbstractDataSource - discard long time none received connection. , jdbcUrl : jdbc:mysql://localhost:3306/vtube?useUnicode=true&characterEncoding=utf-8&useSSL=true&serverTimezone=UTC&socketTimeout=60000, version : 1.2.5, lastPacketReceivedIdleMillis : 67981
09:20:51.900 logback [http-nio-8085-exec-4] WARN  c.a.d.pool.DruidAbstractDataSource - discard long time none received connection. , jdbcUrl : jdbc:mysql://localhost:3306/vtube?useUnicode=true&characterEncoding=utf-8&useSSL=true&serverTimezone=UTC&socketTimeout=60000, version : 1.2.5, lastPacketReceivedIdleMillis : 212780
09:26:09.336 logback [http-nio-8085-exec-10] WARN  c.a.d.pool.DruidAbstractDataSource - discard long time none received connection. , jdbcUrl : jdbc:mysql://localhost:3306/vtube?useUnicode=true&characterEncoding=utf-8&useSSL=true&serverTimezone=UTC&socketTimeout=60000, version : 1.2.5, lastPacketReceivedIdleMillis : 295365
09:30:38.321 logback [http-nio-8085-exec-1] WARN  c.a.d.pool.DruidAbstractDataSource - discard long time none received connection. , jdbcUrl : jdbc:mysql://localhost:3306/vtube?useUnicode=true&characterEncoding=utf-8&useSSL=true&serverTimezone=UTC&socketTimeout=60000, version : 1.2.5, lastPacketReceivedIdleMillis : 260394
09:46:38.308 logback [http-nio-8085-exec-6] WARN  c.a.d.pool.DruidAbstractDataSource - discard long time none received connection. , jdbcUrl : jdbc:mysql://localhost:3306/vtube?useUnicode=true&characterEncoding=utf-8&useSSL=true&serverTimezone=UTC&socketTimeout=60000, version : 1.2.5, lastPacketReceivedIdleMillis : 959975
09:48:48.747 logback [http-nio-8085-exec-4] WARN  c.a.d.pool.DruidAbstractDataSource - discard long time none received connection. , jdbcUrl : jdbc:mysql://localhost:3306/vtube?useUnicode=true&characterEncoding=utf-8&useSSL=true&serverTimezone=UTC&socketTimeout=60000, version : 1.2.5, lastPacketReceivedIdleMillis : 130427
09:52:39.116 logback [http-nio-8085-exec-8] WARN  c.a.d.pool.DruidAbstractDataSource - discard long time none received connection. , jdbcUrl : jdbc:mysql://localhost:3306/vtube?useUnicode=true&characterEncoding=utf-8&useSSL=true&serverTimezone=UTC&socketTimeout=60000, version : 1.2.5, lastPacketReceivedIdleMillis : 230356
09:59:58.516 logback [http-nio-8085-exec-2] WARN  c.a.d.pool.DruidAbstractDataSource - discard long time none received connection. , jdbcUrl : jdbc:mysql://localhost:3306/vtube?useUnicode=true&characterEncoding=utf-8&useSSL=true&serverTimezone=UTC&socketTimeout=60000, version : 1.2.5, lastPacketReceivedIdleMillis : 431519
10:04:43.308 logback [http-nio-8085-exec-6] WARN  c.a.d.pool.DruidAbstractDataSource - discard long time none received connection. , jdbcUrl : jdbc:mysql://localhost:3306/vtube?useUnicode=true&characterEncoding=utf-8&useSSL=true&serverTimezone=UTC&socketTimeout=60000, version : 1.2.5, lastPacketReceivedIdleMillis : 267615
10:12:25.757 logback [http-nio-8085-exec-7] WARN  c.a.d.pool.DruidAbstractDataSource - discard long time none received connection. , jdbcUrl : jdbc:mysql://localhost:3306/vtube?useUnicode=true&characterEncoding=utf-8&useSSL=true&serverTimezone=UTC&socketTimeout=60000, version : 1.2.5, lastPacketReceivedIdleMillis : 459067
10:14:26.082 logback [http-nio-8085-exec-10] WARN  c.a.d.pool.DruidAbstractDataSource - discard long time none received connection. , jdbcUrl : jdbc:mysql://localhost:3306/vtube?useUnicode=true&characterEncoding=utf-8&useSSL=true&serverTimezone=UTC&socketTimeout=60000, version : 1.2.5, lastPacketReceivedIdleMillis : 120311
10:23:00.974 logback [http-nio-8085-exec-2] WARN  c.a.d.pool.DruidAbstractDataSource - discard long time none received connection. , jdbcUrl : jdbc:mysql://localhost:3306/vtube?useUnicode=true&characterEncoding=utf-8&useSSL=true&serverTimezone=UTC&socketTimeout=60000, version : 1.2.5, lastPacketReceivedIdleMillis : 514881
11:01:57.820 logback [http-nio-8085-exec-3] WARN  c.a.d.pool.DruidAbstractDataSource - discard long time none received connection. , jdbcUrl : jdbc:mysql://localhost:3306/vtube?useUnicode=true&characterEncoding=utf-8&useSSL=true&serverTimezone=UTC&socketTimeout=60000, version : 1.2.5, lastPacketReceivedIdleMillis : 446256
11:08:49.468 logback [http-nio-8085-exec-7] WARN  c.a.d.pool.DruidAbstractDataSource - discard long time none received connection. , jdbcUrl : jdbc:mysql://localhost:3306/vtube?useUnicode=true&characterEncoding=utf-8&useSSL=true&serverTimezone=UTC&socketTimeout=60000, version : 1.2.5, lastPacketReceivedIdleMillis : 411634
11:21:32.812 logback [http-nio-8085-exec-10] WARN  c.a.d.pool.DruidAbstractDataSource - discard long time none received connection. , jdbcUrl : jdbc:mysql://localhost:3306/vtube?useUnicode=true&characterEncoding=utf-8&useSSL=true&serverTimezone=UTC&socketTimeout=60000, version : 1.2.5, lastPacketReceivedIdleMillis : 763330
11:22:58.053 logback [http-nio-8085-exec-2] WARN  c.a.d.pool.DruidAbstractDataSource - discard long time none received connection. , jdbcUrl : jdbc:mysql://localhost:3306/vtube?useUnicode=true&characterEncoding=utf-8&useSSL=true&serverTimezone=UTC&socketTimeout=60000, version : 1.2.5, lastPacketReceivedIdleMillis : 85227
11:27:49.195 logback [http-nio-8085-exec-5] WARN  c.a.d.pool.DruidAbstractDataSource - discard long time none received connection. , jdbcUrl : jdbc:mysql://localhost:3306/vtube?useUnicode=true&characterEncoding=utf-8&useSSL=true&serverTimezone=UTC&socketTimeout=60000, version : 1.2.5, lastPacketReceivedIdleMillis : 291122
11:28:57.321 logback [http-nio-8085-exec-3] WARN  c.a.d.pool.DruidAbstractDataSource - discard long time none received connection. , jdbcUrl : jdbc:mysql://localhost:3306/vtube?useUnicode=true&characterEncoding=utf-8&useSSL=true&serverTimezone=UTC&socketTimeout=60000, version : 1.2.5, lastPacketReceivedIdleMillis : 68110
11:31:03.848 logback [http-nio-8085-exec-2] WARN  c.a.d.pool.DruidAbstractDataSource - discard long time none received connection. , jdbcUrl : jdbc:mysql://localhost:3306/vtube?useUnicode=true&characterEncoding=utf-8&useSSL=true&serverTimezone=UTC&socketTimeout=60000, version : 1.2.5, lastPacketReceivedIdleMillis : 66197
11:33:55.742 logback [http-nio-8085-exec-6] WARN  c.a.d.pool.DruidAbstractDataSource - discard long time none received connection. , jdbcUrl : jdbc:mysql://localhost:3306/vtube?useUnicode=true&characterEncoding=utf-8&useSSL=true&serverTimezone=UTC&socketTimeout=60000, version : 1.2.5, lastPacketReceivedIdleMillis : 150310
11:38:31.763 logback [http-nio-8085-exec-4] WARN  c.a.d.pool.DruidAbstractDataSource - discard long time none received connection. , jdbcUrl : jdbc:mysql://localhost:3306/vtube?useUnicode=true&characterEncoding=utf-8&useSSL=true&serverTimezone=UTC&socketTimeout=60000, version : 1.2.5, lastPacketReceivedIdleMillis : 275993
11:44:16.409 logback [http-nio-8085-exec-10] WARN  c.a.d.pool.DruidAbstractDataSource - discard long time none received connection. , jdbcUrl : jdbc:mysql://localhost:3306/vtube?useUnicode=true&characterEncoding=utf-8&useSSL=true&serverTimezone=UTC&socketTimeout=60000, version : 1.2.5, lastPacketReceivedIdleMillis : 326436
11:45:58.919 logback [http-nio-8085-exec-2] WARN  c.a.d.pool.DruidAbstractDataSource - discard long time none received connection. , jdbcUrl : jdbc:mysql://localhost:3306/vtube?useUnicode=true&characterEncoding=utf-8&useSSL=true&serverTimezone=UTC&socketTimeout=60000, version : 1.2.5, lastPacketReceivedIdleMillis : 102499
11:48:46.066 logback [http-nio-8085-exec-6] WARN  c.a.d.pool.DruidAbstractDataSource - discard long time none received connection. , jdbcUrl : jdbc:mysql://localhost:3306/vtube?useUnicode=true&characterEncoding=utf-8&useSSL=true&serverTimezone=UTC&socketTimeout=60000, version : 1.2.5, lastPacketReceivedIdleMillis : 158329
11:51:13.354 logback [http-nio-8085-exec-4] WARN  c.a.d.pool.DruidAbstractDataSource - discard long time none received connection. , jdbcUrl : jdbc:mysql://localhost:3306/vtube?useUnicode=true&characterEncoding=utf-8&useSSL=true&serverTimezone=UTC&socketTimeout=60000, version : 1.2.5, lastPacketReceivedIdleMillis : 147270
11:56:11.013 logback [http-nio-8085-exec-8] WARN  c.a.d.pool.DruidAbstractDataSource - discard long time none received connection. , jdbcUrl : jdbc:mysql://localhost:3306/vtube?useUnicode=true&characterEncoding=utf-8&useSSL=true&serverTimezone=UTC&socketTimeout=60000, version : 1.2.5, lastPacketReceivedIdleMillis : 297650
13:16:29.812 logback [SpringApplicationShutdownHook] INFO  c.alibaba.druid.pool.DruidDataSource - {dataSource-1} closing ...
13:16:29.815 logback [SpringApplicationShutdownHook] INFO  c.alibaba.druid.pool.DruidDataSource - {dataSource-1} closed
15:24:25.745 logback [main] INFO  com.vtube.AdminApplication - Starting AdminApplication using Java 19.0.2 with PID 27592 (E:\VTube\VTube-java\vb-admin\target\classes started by Administrator in E:\VTube)
15:24:25.746 logback [main] INFO  com.vtube.AdminApplication - The following 1 profile is active: "dev"
15:24:26.540 logback [main] INFO  o.s.b.w.e.tomcat.TomcatWebServer - Tomcat initialized with port(s): 8085 (http)
15:24:26.546 logback [main] INFO  o.a.coyote.http11.Http11NioProtocol - Initializing ProtocolHandler ["http-nio-8085"]
15:24:26.546 logback [main] INFO  o.a.catalina.core.StandardService - Starting service [Tomcat]
15:24:26.546 logback [main] INFO  o.a.catalina.core.StandardEngine - Starting Servlet engine: [Apache Tomcat/10.1.8]
15:24:26.598 logback [main] INFO  o.a.c.c.C.[Tomcat].[localhost].[/] - Initializing Spring embedded WebApplicationContext
15:24:26.598 logback [main] INFO  o.s.b.w.s.c.ServletWebServerApplicationContext - Root WebApplicationContext: initialization completed in 822 ms
15:24:27.217 logback [main] INFO  com.vtube.comfig.SaTokenConfig - ############# 放行路由START ##############
15:24:27.217 logback [main] INFO  com.vtube.comfig.SaTokenConfig - /test/**
15:24:27.217 logback [main] INFO  com.vtube.comfig.SaTokenConfig - /favicon.ico
15:24:27.217 logback [main] INFO  com.vtube.comfig.SaTokenConfig - /swagger-ui/**
15:24:27.217 logback [main] INFO  com.vtube.comfig.SaTokenConfig - /swagger-resources/**
15:24:27.217 logback [main] INFO  com.vtube.comfig.SaTokenConfig - /v3/**
15:24:27.217 logback [main] INFO  com.vtube.comfig.SaTokenConfig - /error
15:24:27.217 logback [main] INFO  com.vtube.comfig.SaTokenConfig - /default/**
15:24:27.217 logback [main] INFO  com.vtube.comfig.SaTokenConfig - /css/**
15:24:27.217 logback [main] INFO  com.vtube.comfig.SaTokenConfig - /js/**
15:24:27.217 logback [main] INFO  com.vtube.comfig.SaTokenConfig - /video/**
15:24:27.217 logback [main] INFO  com.vtube.comfig.SaTokenConfig - /dict/**
15:24:27.217 logback [main] INFO  com.vtube.comfig.SaTokenConfig - ############# 放行路由END ##############
15:24:27.635 logback [main] INFO  o.a.coyote.http11.Http11NioProtocol - Starting ProtocolHandler ["http-nio-8085"]
15:24:27.648 logback [main] INFO  o.s.b.w.e.tomcat.TomcatWebServer - Tomcat started on port(s): 8085 (http) with context path ''
15:24:27.649 logback [main] INFO  com.vtube.AdminApplication - 
---------------------------------------------------------
	Application is running! Access address:
	Local:		http://localhost:8085
	External:	http://172.24.16.1:8085
	管理员接口文档:	http://localhost:8085/swagger-ui/index.html#/
---------------------------------------------------------

15:24:27.655 logback [main] INFO  com.vtube.AdminApplication - Started AdminApplication in 2.146 seconds (process running for 2.654)
15:25:49.033 logback [http-nio-8085-exec-1] INFO  o.a.c.c.C.[Tomcat].[localhost].[/] - Initializing Spring DispatcherServlet 'dispatcherServlet'
15:25:49.034 logback [http-nio-8085-exec-1] INFO  o.s.web.servlet.DispatcherServlet - Initializing Servlet 'dispatcherServlet'
15:25:49.035 logback [http-nio-8085-exec-1] INFO  o.s.web.servlet.DispatcherServlet - Completed initialization in 1 ms
15:25:49.215 logback [http-nio-8085-exec-1] INFO  c.alibaba.druid.pool.DruidDataSource - {dataSource-1} inited
15:42:11.496 logback [http-nio-8085-exec-1] WARN  c.a.d.pool.DruidAbstractDataSource - discard long time none received connection. , jdbcUrl : jdbc:mysql://localhost:3306/vtube?useUnicode=true&characterEncoding=utf-8&useSSL=true&serverTimezone=UTC&socketTimeout=60000, version : 1.2.5, lastPacketReceivedIdleMillis : 971287
15:46:49.604 logback [http-nio-8085-exec-4] WARN  c.a.d.pool.DruidAbstractDataSource - discard long time none received connection. , jdbcUrl : jdbc:mysql://localhost:3306/vtube?useUnicode=true&characterEncoding=utf-8&useSSL=true&serverTimezone=UTC&socketTimeout=60000, version : 1.2.5, lastPacketReceivedIdleMillis : 269462
15:54:44.153 logback [http-nio-8085-exec-6] WARN  c.a.d.pool.DruidAbstractDataSource - discard long time none received connection. , jdbcUrl : jdbc:mysql://localhost:3306/vtube?useUnicode=true&characterEncoding=utf-8&useSSL=true&serverTimezone=UTC&socketTimeout=60000, version : 1.2.5, lastPacketReceivedIdleMillis : 474530
16:01:27.871 logback [http-nio-8085-exec-3] WARN  c.a.d.pool.DruidAbstractDataSource - discard long time none received connection. , jdbcUrl : jdbc:mysql://localhost:3306/vtube?useUnicode=true&characterEncoding=utf-8&useSSL=true&serverTimezone=UTC&socketTimeout=60000, version : 1.2.5, lastPacketReceivedIdleMillis : 403706
16:02:42.972 logback [http-nio-8085-exec-10] WARN  c.a.d.pool.DruidAbstractDataSource - discard long time none received connection. , jdbcUrl : jdbc:mysql://localhost:3306/vtube?useUnicode=true&characterEncoding=utf-8&useSSL=true&serverTimezone=UTC&socketTimeout=60000, version : 1.2.5, lastPacketReceivedIdleMillis : 75085
16:29:21.913 logback [http-nio-8085-exec-6] WARN  c.a.d.pool.DruidAbstractDataSource - discard long time none received connection. , jdbcUrl : jdbc:mysql://localhost:3306/vtube?useUnicode=true&characterEncoding=utf-8&useSSL=true&serverTimezone=UTC&socketTimeout=60000, version : 1.2.5, lastPacketReceivedIdleMillis : 1509443
16:58:40.364 logback [http-nio-8085-exec-3] WARN  c.a.d.pool.DruidAbstractDataSource - discard long time none received connection. , jdbcUrl : jdbc:mysql://localhost:3306/vtube?useUnicode=true&characterEncoding=utf-8&useSSL=true&serverTimezone=UTC&socketTimeout=60000, version : 1.2.5, lastPacketReceivedIdleMillis : 1758436
