08:36:53.938 logback [main] INFO  com.vtube.AdminApplication - Starting AdminApplication using Java 19.0.2 with PID 58588 (E:\VTube\VTube-java\vb-admin\target\classes started by Administrator in E:\VTube)
08:36:53.939 logback [main] INFO  com.vtube.AdminApplication - The following 1 profile is active: "dev"
08:36:54.816 logback [main] INFO  o.s.b.w.e.tomcat.TomcatWebServer - Tomcat initialized with port(s): 8085 (http)
08:36:54.822 logback [main] INFO  o.a.coyote.http11.Http11NioProtocol - Initializing ProtocolHandler ["http-nio-8085"]
08:36:54.823 logback [main] INFO  o.a.catalina.core.StandardService - Starting service [Tomcat]
08:36:54.823 logback [main] INFO  o.a.catalina.core.StandardEngine - Starting Servlet engine: [Apache Tomcat/10.1.8]
08:36:54.877 logback [main] INFO  o.a.c.c.C.[Tomcat].[localhost].[/] - Initializing Spring embedded WebApplicationContext
08:36:54.877 logback [main] INFO  o.s.b.w.s.c.ServletWebServerApplicationContext - Root WebApplicationContext: initialization completed in 910 ms
08:36:55.586 logback [main] INFO  com.vtube.comfig.SaTokenConfig - ############# 放行路由START ##############
08:36:55.586 logback [main] INFO  com.vtube.comfig.SaTokenConfig - /test/**
08:36:55.586 logback [main] INFO  com.vtube.comfig.SaTokenConfig - /favicon.ico
08:36:55.586 logback [main] INFO  com.vtube.comfig.SaTokenConfig - /swagger-ui/**
08:36:55.586 logback [main] INFO  com.vtube.comfig.SaTokenConfig - /swagger-resources/**
08:36:55.586 logback [main] INFO  com.vtube.comfig.SaTokenConfig - /v3/**
08:36:55.586 logback [main] INFO  com.vtube.comfig.SaTokenConfig - /error
08:36:55.586 logback [main] INFO  com.vtube.comfig.SaTokenConfig - /default/**
08:36:55.586 logback [main] INFO  com.vtube.comfig.SaTokenConfig - /css/**
08:36:55.586 logback [main] INFO  com.vtube.comfig.SaTokenConfig - /js/**
08:36:55.586 logback [main] INFO  com.vtube.comfig.SaTokenConfig - /video/**
08:36:55.586 logback [main] INFO  com.vtube.comfig.SaTokenConfig - /dict/**
08:36:55.587 logback [main] INFO  com.vtube.comfig.SaTokenConfig - ############# 放行路由END ##############
08:36:55.978 logback [main] INFO  o.a.coyote.http11.Http11NioProtocol - Starting ProtocolHandler ["http-nio-8085"]
08:36:55.990 logback [main] INFO  o.s.b.w.e.tomcat.TomcatWebServer - Tomcat started on port(s): 8085 (http) with context path ''
08:36:55.991 logback [main] INFO  com.vtube.AdminApplication - 
---------------------------------------------------------
	Application is running! Access address:
	Local:		http://localhost:8085
	External:	http://172.26.80.1:8085
	管理员接口文档:	http://localhost:8085/swagger-ui/index.html#/
---------------------------------------------------------

08:36:55.998 logback [main] INFO  com.vtube.AdminApplication - Started AdminApplication in 2.328 seconds (process running for 2.928)
08:39:11.977 logback [http-nio-8085-exec-3] INFO  o.a.c.c.C.[Tomcat].[localhost].[/] - Initializing Spring DispatcherServlet 'dispatcherServlet'
08:39:11.977 logback [http-nio-8085-exec-3] INFO  o.s.web.servlet.DispatcherServlet - Initializing Servlet 'dispatcherServlet'
08:39:11.979 logback [http-nio-8085-exec-3] INFO  o.s.web.servlet.DispatcherServlet - Completed initialization in 1 ms
08:39:12.151 logback [http-nio-8085-exec-1] INFO  c.alibaba.druid.pool.DruidDataSource - {dataSource-1} inited
08:40:44.372 logback [http-nio-8085-exec-10] WARN  c.a.d.pool.DruidAbstractDataSource - discard long time none received connection. , jdbcUrl : jdbc:mysql://localhost:3306/vtube?useUnicode=true&characterEncoding=utf-8&useSSL=true&serverTimezone=UTC&socketTimeout=60000&zeroDateTimeBehavior=convertToNull&allowMultiQueries=true, version : 1.2.5, lastPacketReceivedIdleMillis : 91709
08:40:44.372 logback [http-nio-8085-exec-9] WARN  c.a.d.pool.DruidAbstractDataSource - discard long time none received connection. , jdbcUrl : jdbc:mysql://localhost:3306/vtube?useUnicode=true&characterEncoding=utf-8&useSSL=true&serverTimezone=UTC&socketTimeout=60000&zeroDateTimeBehavior=convertToNull&allowMultiQueries=true, version : 1.2.5, lastPacketReceivedIdleMillis : 68214
08:40:44.372 logback [http-nio-8085-exec-8] WARN  c.a.d.pool.DruidAbstractDataSource - discard long time none received connection. , jdbcUrl : jdbc:mysql://localhost:3306/vtube?useUnicode=true&characterEncoding=utf-8&useSSL=true&serverTimezone=UTC&socketTimeout=60000&zeroDateTimeBehavior=convertToNull&allowMultiQueries=true, version : 1.2.5, lastPacketReceivedIdleMillis : 72099
08:50:41.686 logback [http-nio-8085-exec-4] WARN  c.a.d.pool.DruidAbstractDataSource - discard long time none received connection. , jdbcUrl : jdbc:mysql://localhost:3306/vtube?useUnicode=true&characterEncoding=utf-8&useSSL=true&serverTimezone=UTC&socketTimeout=60000&zeroDateTimeBehavior=convertToNull&allowMultiQueries=true, version : 1.2.5, lastPacketReceivedIdleMillis : 571554
08:50:41.686 logback [http-nio-8085-exec-7] WARN  c.a.d.pool.DruidAbstractDataSource - discard long time none received connection. , jdbcUrl : jdbc:mysql://localhost:3306/vtube?useUnicode=true&characterEncoding=utf-8&useSSL=true&serverTimezone=UTC&socketTimeout=60000&zeroDateTimeBehavior=convertToNull&allowMultiQueries=true, version : 1.2.5, lastPacketReceivedIdleMillis : 571560
08:51:57.046 logback [http-nio-8085-exec-3] WARN  c.a.d.pool.DruidAbstractDataSource - discard long time none received connection. , jdbcUrl : jdbc:mysql://localhost:3306/vtube?useUnicode=true&characterEncoding=utf-8&useSSL=true&serverTimezone=UTC&socketTimeout=60000&zeroDateTimeBehavior=convertToNull&allowMultiQueries=true, version : 1.2.5, lastPacketReceivedIdleMillis : 62653
08:51:57.047 logback [http-nio-8085-exec-4] WARN  c.a.d.pool.DruidAbstractDataSource - discard long time none received connection. , jdbcUrl : jdbc:mysql://localhost:3306/vtube?useUnicode=true&characterEncoding=utf-8&useSSL=true&serverTimezone=UTC&socketTimeout=60000&zeroDateTimeBehavior=convertToNull&allowMultiQueries=true, version : 1.2.5, lastPacketReceivedIdleMillis : 62661
08:56:01.773 logback [http-nio-8085-exec-8] WARN  c.a.d.pool.DruidAbstractDataSource - discard long time none received connection. , jdbcUrl : jdbc:mysql://localhost:3306/vtube?useUnicode=true&characterEncoding=utf-8&useSSL=true&serverTimezone=UTC&socketTimeout=60000&zeroDateTimeBehavior=convertToNull&allowMultiQueries=true, version : 1.2.5, lastPacketReceivedIdleMillis : 244698
08:56:01.773 logback [http-nio-8085-exec-1] WARN  c.a.d.pool.DruidAbstractDataSource - discard long time none received connection. , jdbcUrl : jdbc:mysql://localhost:3306/vtube?useUnicode=true&characterEncoding=utf-8&useSSL=true&serverTimezone=UTC&socketTimeout=60000&zeroDateTimeBehavior=convertToNull&allowMultiQueries=true, version : 1.2.5, lastPacketReceivedIdleMillis : 244705
08:58:36.416 logback [http-nio-8085-exec-9] WARN  c.a.d.pool.DruidAbstractDataSource - discard long time none received connection. , jdbcUrl : jdbc:mysql://localhost:3306/vtube?useUnicode=true&characterEncoding=utf-8&useSSL=true&serverTimezone=UTC&socketTimeout=60000&zeroDateTimeBehavior=convertToNull&allowMultiQueries=true, version : 1.2.5, lastPacketReceivedIdleMillis : 154613
08:58:36.416 logback [http-nio-8085-exec-7] WARN  c.a.d.pool.DruidAbstractDataSource - discard long time none received connection. , jdbcUrl : jdbc:mysql://localhost:3306/vtube?useUnicode=true&characterEncoding=utf-8&useSSL=true&serverTimezone=UTC&socketTimeout=60000&zeroDateTimeBehavior=convertToNull&allowMultiQueries=true, version : 1.2.5, lastPacketReceivedIdleMillis : 154604
09:00:54.896 logback [http-nio-8085-exec-4] WARN  c.a.d.pool.DruidAbstractDataSource - discard long time none received connection. , jdbcUrl : jdbc:mysql://localhost:3306/vtube?useUnicode=true&characterEncoding=utf-8&useSSL=true&serverTimezone=UTC&socketTimeout=60000&zeroDateTimeBehavior=convertToNull&allowMultiQueries=true, version : 1.2.5, lastPacketReceivedIdleMillis : 134889
09:00:54.896 logback [http-nio-8085-exec-9] WARN  c.a.d.pool.DruidAbstractDataSource - discard long time none received connection. , jdbcUrl : jdbc:mysql://localhost:3306/vtube?useUnicode=true&characterEncoding=utf-8&useSSL=true&serverTimezone=UTC&socketTimeout=60000&zeroDateTimeBehavior=convertToNull&allowMultiQueries=true, version : 1.2.5, lastPacketReceivedIdleMillis : 134894
09:04:03.785 logback [http-nio-8085-exec-1] WARN  c.a.d.pool.DruidAbstractDataSource - discard long time none received connection. , jdbcUrl : jdbc:mysql://localhost:3306/vtube?useUnicode=true&characterEncoding=utf-8&useSSL=true&serverTimezone=UTC&socketTimeout=60000&zeroDateTimeBehavior=convertToNull&allowMultiQueries=true, version : 1.2.5, lastPacketReceivedIdleMillis : 142486
09:04:03.785 logback [http-nio-8085-exec-2] WARN  c.a.d.pool.DruidAbstractDataSource - discard long time none received connection. , jdbcUrl : jdbc:mysql://localhost:3306/vtube?useUnicode=true&characterEncoding=utf-8&useSSL=true&serverTimezone=UTC&socketTimeout=60000&zeroDateTimeBehavior=convertToNull&allowMultiQueries=true, version : 1.2.5, lastPacketReceivedIdleMillis : 142482
09:09:01.091 logback [http-nio-8085-exec-3] WARN  c.a.d.pool.DruidAbstractDataSource - discard long time none received connection. , jdbcUrl : jdbc:mysql://localhost:3306/vtube?useUnicode=true&characterEncoding=utf-8&useSSL=true&serverTimezone=UTC&socketTimeout=60000&zeroDateTimeBehavior=convertToNull&allowMultiQueries=true, version : 1.2.5, lastPacketReceivedIdleMillis : 66310
09:09:01.091 logback [http-nio-8085-exec-4] WARN  c.a.d.pool.DruidAbstractDataSource - discard long time none received connection. , jdbcUrl : jdbc:mysql://localhost:3306/vtube?useUnicode=true&characterEncoding=utf-8&useSSL=true&serverTimezone=UTC&socketTimeout=60000&zeroDateTimeBehavior=convertToNull&allowMultiQueries=true, version : 1.2.5, lastPacketReceivedIdleMillis : 66305
09:35:36.960 logback [http-nio-8085-exec-6] WARN  c.a.d.pool.DruidAbstractDataSource - discard long time none received connection. , jdbcUrl : jdbc:mysql://localhost:3306/vtube?useUnicode=true&characterEncoding=utf-8&useSSL=true&serverTimezone=UTC&socketTimeout=60000&zeroDateTimeBehavior=convertToNull&allowMultiQueries=true, version : 1.2.5, lastPacketReceivedIdleMillis : 1595849
09:35:36.960 logback [http-nio-8085-exec-2] WARN  c.a.d.pool.DruidAbstractDataSource - discard long time none received connection. , jdbcUrl : jdbc:mysql://localhost:3306/vtube?useUnicode=true&characterEncoding=utf-8&useSSL=true&serverTimezone=UTC&socketTimeout=60000&zeroDateTimeBehavior=convertToNull&allowMultiQueries=true, version : 1.2.5, lastPacketReceivedIdleMillis : 1595853
11:11:41.442 logback [SpringApplicationShutdownHook] INFO  c.alibaba.druid.pool.DruidDataSource - {dataSource-1} closing ...
11:11:41.443 logback [SpringApplicationShutdownHook] INFO  c.alibaba.druid.pool.DruidDataSource - {dataSource-1} closed
11:11:48.103 logback [main] INFO  com.vtube.AdminApplication - Starting AdminApplication using Java 19.0.2 with PID 28244 (E:\VTube\VTube-java\vb-admin\target\classes started by Administrator in E:\VTube)
11:11:48.104 logback [main] INFO  com.vtube.AdminApplication - The following 1 profile is active: "dev"
11:11:48.868 logback [main] INFO  o.s.b.w.e.tomcat.TomcatWebServer - Tomcat initialized with port(s): 8085 (http)
11:11:48.873 logback [main] INFO  o.a.coyote.http11.Http11NioProtocol - Initializing ProtocolHandler ["http-nio-8085"]
11:11:48.873 logback [main] INFO  o.a.catalina.core.StandardService - Starting service [Tomcat]
11:11:48.873 logback [main] INFO  o.a.catalina.core.StandardEngine - Starting Servlet engine: [Apache Tomcat/10.1.8]
11:11:48.921 logback [main] INFO  o.a.c.c.C.[Tomcat].[localhost].[/] - Initializing Spring embedded WebApplicationContext
11:11:48.921 logback [main] INFO  o.s.b.w.s.c.ServletWebServerApplicationContext - Root WebApplicationContext: initialization completed in 792 ms
11:11:49.451 logback [main] WARN  o.s.b.w.s.c.AnnotationConfigServletWebServerApplicationContext - Exception encountered during context initialization - cancelling refresh attempt: org.springframework.beans.factory.UnsatisfiedDependencyException: Error creating bean with name 'minioService' defined in file [E:\VTube\VTube-java\vb-bean\target\classes\com\vtube\service\MinioService.class]: Unsatisfied dependency expressed through constructor parameter 0: Error creating bean with name 'minioClient' defined in class path resource [com/vtube/config/MinioConfig.class]: Failed to instantiate [io.minio.MinioClient]: Factory method 'minioClient' threw exception with message: endpoint must not be null.
11:11:49.451 logback [main] INFO  c.alibaba.druid.pool.DruidDataSource - {dataSource-0} closing ...
11:11:49.453 logback [main] INFO  o.a.catalina.core.StandardService - Stopping service [Tomcat]
11:11:49.469 logback [main] INFO  o.s.b.a.l.ConditionEvaluationReportLogger - 

Error starting ApplicationContext. To display the condition evaluation report re-run your application with 'debug' enabled.
11:11:49.479 logback [main] ERROR o.s.boot.SpringApplication - Application run failed
org.springframework.beans.factory.UnsatisfiedDependencyException: Error creating bean with name 'minioService' defined in file [E:\VTube\VTube-java\vb-bean\target\classes\com\vtube\service\MinioService.class]: Unsatisfied dependency expressed through constructor parameter 0: Error creating bean with name 'minioClient' defined in class path resource [com/vtube/config/MinioConfig.class]: Failed to instantiate [io.minio.MinioClient]: Factory method 'minioClient' threw exception with message: endpoint must not be null.
	at org.springframework.beans.factory.support.ConstructorResolver.createArgumentArray(ConstructorResolver.java:800)
	at org.springframework.beans.factory.support.ConstructorResolver.autowireConstructor(ConstructorResolver.java:245)
	at org.springframework.beans.factory.support.AbstractAutowireCapableBeanFactory.autowireConstructor(AbstractAutowireCapableBeanFactory.java:1352)
	at org.springframework.beans.factory.support.AbstractAutowireCapableBeanFactory.createBeanInstance(AbstractAutowireCapableBeanFactory.java:1189)
	at org.springframework.beans.factory.support.AbstractAutowireCapableBeanFactory.doCreateBean(AbstractAutowireCapableBeanFactory.java:560)
	at org.springframework.beans.factory.support.AbstractAutowireCapableBeanFactory.createBean(AbstractAutowireCapableBeanFactory.java:520)
	at org.springframework.beans.factory.support.AbstractBeanFactory.lambda$doGetBean$0(AbstractBeanFactory.java:326)
	at org.springframework.beans.factory.support.DefaultSingletonBeanRegistry.getSingleton(DefaultSingletonBeanRegistry.java:234)
	at org.springframework.beans.factory.support.AbstractBeanFactory.doGetBean(AbstractBeanFactory.java:324)
	at org.springframework.beans.factory.support.AbstractBeanFactory.getBean(AbstractBeanFactory.java:200)
	at org.springframework.beans.factory.support.DefaultListableBeanFactory.preInstantiateSingletons(DefaultListableBeanFactory.java:973)
	at org.springframework.context.support.AbstractApplicationContext.finishBeanFactoryInitialization(AbstractApplicationContext.java:941)
	at org.springframework.context.support.AbstractApplicationContext.refresh(AbstractApplicationContext.java:608)
	at org.springframework.boot.web.servlet.context.ServletWebServerApplicationContext.refresh(ServletWebServerApplicationContext.java:146)
	at org.springframework.boot.SpringApplication.refresh(SpringApplication.java:732)
	at org.springframework.boot.SpringApplication.refreshContext(SpringApplication.java:434)
	at org.springframework.boot.SpringApplication.run(SpringApplication.java:310)
	at org.springframework.boot.SpringApplication.run(SpringApplication.java:1304)
	at org.springframework.boot.SpringApplication.run(SpringApplication.java:1293)
	at com.vtube.AdminApplication.main(AdminApplication.java:20)
Caused by: org.springframework.beans.factory.BeanCreationException: Error creating bean with name 'minioClient' defined in class path resource [com/vtube/config/MinioConfig.class]: Failed to instantiate [io.minio.MinioClient]: Factory method 'minioClient' threw exception with message: endpoint must not be null.
	at org.springframework.beans.factory.support.ConstructorResolver.instantiate(ConstructorResolver.java:659)
	at org.springframework.beans.factory.support.ConstructorResolver.instantiateUsingFactoryMethod(ConstructorResolver.java:493)
	at org.springframework.beans.factory.support.AbstractAutowireCapableBeanFactory.instantiateUsingFactoryMethod(AbstractAutowireCapableBeanFactory.java:1332)
	at org.springframework.beans.factory.support.AbstractAutowireCapableBeanFactory.createBeanInstance(AbstractAutowireCapableBeanFactory.java:1162)
	at org.springframework.beans.factory.support.AbstractAutowireCapableBeanFactory.doCreateBean(AbstractAutowireCapableBeanFactory.java:560)
	at org.springframework.beans.factory.support.AbstractAutowireCapableBeanFactory.createBean(AbstractAutowireCapableBeanFactory.java:520)
	at org.springframework.beans.factory.support.AbstractBeanFactory.lambda$doGetBean$0(AbstractBeanFactory.java:326)
	at org.springframework.beans.factory.support.DefaultSingletonBeanRegistry.getSingleton(DefaultSingletonBeanRegistry.java:234)
	at org.springframework.beans.factory.support.AbstractBeanFactory.doGetBean(AbstractBeanFactory.java:324)
	at org.springframework.beans.factory.support.AbstractBeanFactory.getBean(AbstractBeanFactory.java:200)
	at org.springframework.beans.factory.config.DependencyDescriptor.resolveCandidate(DependencyDescriptor.java:254)
	at org.springframework.beans.factory.support.DefaultListableBeanFactory.doResolveDependency(DefaultListableBeanFactory.java:1417)
	at org.springframework.beans.factory.support.DefaultListableBeanFactory.resolveDependency(DefaultListableBeanFactory.java:1337)
	at org.springframework.beans.factory.support.ConstructorResolver.resolveAutowiredArgument(ConstructorResolver.java:888)
	at org.springframework.beans.factory.support.ConstructorResolver.createArgumentArray(ConstructorResolver.java:791)
	... 19 common frames omitted
Caused by: org.springframework.beans.BeanInstantiationException: Failed to instantiate [io.minio.MinioClient]: Factory method 'minioClient' threw exception with message: endpoint must not be null.
	at org.springframework.beans.factory.support.SimpleInstantiationStrategy.instantiate(SimpleInstantiationStrategy.java:171)
	at org.springframework.beans.factory.support.ConstructorResolver.instantiate(ConstructorResolver.java:655)
	... 33 common frames omitted
Caused by: java.lang.IllegalArgumentException: endpoint must not be null.
	at io.minio.http.HttpUtils.validateNotNull(HttpUtils.java:53)
	at io.minio.http.HttpUtils.validateNotEmptyString(HttpUtils.java:58)
	at io.minio.http.HttpUtils.getBaseUrl(HttpUtils.java:102)
	at io.minio.MinioAsyncClient$Builder.endpoint(MinioAsyncClient.java:3256)
	at io.minio.MinioClient$Builder.endpoint(MinioClient.java:2410)
	at com.vtube.config.MinioConfig.minioClient(MinioConfig.java:28)
	at com.vtube.config.MinioConfig$$SpringCGLIB$$0.CGLIB$minioClient$12(<generated>)
	at com.vtube.config.MinioConfig$$SpringCGLIB$$2.invoke(<generated>)
	at org.springframework.cglib.proxy.MethodProxy.invokeSuper(MethodProxy.java:258)
	at org.springframework.context.annotation.ConfigurationClassEnhancer$BeanMethodInterceptor.intercept(ConfigurationClassEnhancer.java:331)
	at com.vtube.config.MinioConfig$$SpringCGLIB$$0.minioClient(<generated>)
	at java.base/jdk.internal.reflect.DirectMethodHandleAccessor.invoke(DirectMethodHandleAccessor.java:104)
	at java.base/java.lang.reflect.Method.invoke(Method.java:578)
	at org.springframework.beans.factory.support.SimpleInstantiationStrategy.instantiate(SimpleInstantiationStrategy.java:139)
	... 34 common frames omitted
11:13:34.060 logback [main] INFO  com.vtube.AdminApplication - Starting AdminApplication using Java 19.0.2 with PID 65864 (E:\VTube\VTube-java\vb-admin\target\classes started by Administrator in E:\VTube)
11:13:34.061 logback [main] INFO  com.vtube.AdminApplication - The following 1 profile is active: "dev"
11:13:34.809 logback [main] INFO  o.s.b.w.e.tomcat.TomcatWebServer - Tomcat initialized with port(s): 8085 (http)
11:13:34.815 logback [main] INFO  o.a.coyote.http11.Http11NioProtocol - Initializing ProtocolHandler ["http-nio-8085"]
11:13:34.815 logback [main] INFO  o.a.catalina.core.StandardService - Starting service [Tomcat]
11:13:34.815 logback [main] INFO  o.a.catalina.core.StandardEngine - Starting Servlet engine: [Apache Tomcat/10.1.8]
11:13:34.867 logback [main] INFO  o.a.c.c.C.[Tomcat].[localhost].[/] - Initializing Spring embedded WebApplicationContext
11:13:34.867 logback [main] INFO  o.s.b.w.s.c.ServletWebServerApplicationContext - Root WebApplicationContext: initialization completed in 781 ms
11:13:35.658 logback [main] INFO  com.vtube.comfig.SaTokenConfig - ############# 放行路由START ##############
11:13:35.659 logback [main] INFO  com.vtube.comfig.SaTokenConfig - /test/**
11:13:35.659 logback [main] INFO  com.vtube.comfig.SaTokenConfig - /favicon.ico
11:13:35.659 logback [main] INFO  com.vtube.comfig.SaTokenConfig - /swagger-ui/**
11:13:35.659 logback [main] INFO  com.vtube.comfig.SaTokenConfig - /swagger-resources/**
11:13:35.659 logback [main] INFO  com.vtube.comfig.SaTokenConfig - /v3/**
11:13:35.659 logback [main] INFO  com.vtube.comfig.SaTokenConfig - /error
11:13:35.659 logback [main] INFO  com.vtube.comfig.SaTokenConfig - /default/**
11:13:35.659 logback [main] INFO  com.vtube.comfig.SaTokenConfig - /css/**
11:13:35.659 logback [main] INFO  com.vtube.comfig.SaTokenConfig - /js/**
11:13:35.659 logback [main] INFO  com.vtube.comfig.SaTokenConfig - /video/**
11:13:35.659 logback [main] INFO  com.vtube.comfig.SaTokenConfig - /dict/**
11:13:35.659 logback [main] INFO  com.vtube.comfig.SaTokenConfig - ############# 放行路由END ##############
11:13:36.022 logback [main] INFO  o.a.coyote.http11.Http11NioProtocol - Starting ProtocolHandler ["http-nio-8085"]
11:13:36.034 logback [main] INFO  o.s.b.w.e.tomcat.TomcatWebServer - Tomcat started on port(s): 8085 (http) with context path ''
11:13:36.035 logback [main] INFO  com.vtube.AdminApplication - 
---------------------------------------------------------
	Application is running! Access address:
	Local:		http://localhost:8085
	External:	http://172.26.80.1:8085
	管理员接口文档:	http://localhost:8085/swagger-ui/index.html#/
---------------------------------------------------------

11:13:36.040 logback [main] INFO  com.vtube.AdminApplication - Started AdminApplication in 2.193 seconds (process running for 2.57)
13:11:12.671 logback [SpringApplicationShutdownHook] INFO  c.alibaba.druid.pool.DruidDataSource - {dataSource-0} closing ...
13:11:17.924 logback [main] INFO  com.vtube.AdminApplication - Starting AdminApplication using Java 19.0.2 with PID 17276 (E:\VTube\VTube-java\vb-admin\target\classes started by Administrator in E:\VTube)
13:11:17.925 logback [main] INFO  com.vtube.AdminApplication - The following 1 profile is active: "dev"
13:11:18.759 logback [main] INFO  o.s.b.w.e.tomcat.TomcatWebServer - Tomcat initialized with port(s): 8085 (http)
13:11:18.764 logback [main] INFO  o.a.coyote.http11.Http11NioProtocol - Initializing ProtocolHandler ["http-nio-8085"]
13:11:18.764 logback [main] INFO  o.a.catalina.core.StandardService - Starting service [Tomcat]
13:11:18.764 logback [main] INFO  o.a.catalina.core.StandardEngine - Starting Servlet engine: [Apache Tomcat/10.1.8]
13:11:18.814 logback [main] INFO  o.a.c.c.C.[Tomcat].[localhost].[/] - Initializing Spring embedded WebApplicationContext
13:11:18.814 logback [main] INFO  o.s.b.w.s.c.ServletWebServerApplicationContext - Root WebApplicationContext: initialization completed in 864 ms
13:11:19.604 logback [main] INFO  com.vtube.comfig.SaTokenConfig - ############# 放行路由START ##############
13:11:19.604 logback [main] INFO  com.vtube.comfig.SaTokenConfig - /test/**
13:11:19.605 logback [main] INFO  com.vtube.comfig.SaTokenConfig - /favicon.ico
13:11:19.605 logback [main] INFO  com.vtube.comfig.SaTokenConfig - /swagger-ui/**
13:11:19.605 logback [main] INFO  com.vtube.comfig.SaTokenConfig - /swagger-resources/**
13:11:19.605 logback [main] INFO  com.vtube.comfig.SaTokenConfig - /v3/**
13:11:19.605 logback [main] INFO  com.vtube.comfig.SaTokenConfig - /error
13:11:19.605 logback [main] INFO  com.vtube.comfig.SaTokenConfig - /default/**
13:11:19.605 logback [main] INFO  com.vtube.comfig.SaTokenConfig - /css/**
13:11:19.605 logback [main] INFO  com.vtube.comfig.SaTokenConfig - /js/**
13:11:19.605 logback [main] INFO  com.vtube.comfig.SaTokenConfig - /video/**
13:11:19.605 logback [main] INFO  com.vtube.comfig.SaTokenConfig - /dict/**
13:11:19.605 logback [main] INFO  com.vtube.comfig.SaTokenConfig - ############# 放行路由END ##############
13:11:20.019 logback [main] INFO  o.a.coyote.http11.Http11NioProtocol - Starting ProtocolHandler ["http-nio-8085"]
13:11:20.030 logback [main] INFO  o.s.b.w.e.tomcat.TomcatWebServer - Tomcat started on port(s): 8085 (http) with context path ''
13:11:20.031 logback [main] INFO  com.vtube.AdminApplication - 
---------------------------------------------------------
	Application is running! Access address:
	Local:		http://localhost:8085
	External:	http://172.26.80.1:8085
	管理员接口文档:	http://localhost:8085/swagger-ui/index.html#/
---------------------------------------------------------

13:11:20.037 logback [main] INFO  com.vtube.AdminApplication - Started AdminApplication in 2.335 seconds (process running for 2.728)
13:13:47.538 logback [SpringApplicationShutdownHook] INFO  c.alibaba.druid.pool.DruidDataSource - {dataSource-0} closing ...
13:13:52.134 logback [main] INFO  com.vtube.AdminApplication - Starting AdminApplication using Java 19.0.2 with PID 67824 (E:\VTube\VTube-java\vb-admin\target\classes started by Administrator in E:\VTube)
13:13:52.135 logback [main] INFO  com.vtube.AdminApplication - The following 1 profile is active: "dev"
13:13:52.894 logback [main] INFO  o.s.b.w.e.tomcat.TomcatWebServer - Tomcat initialized with port(s): 8085 (http)
13:13:52.899 logback [main] INFO  o.a.coyote.http11.Http11NioProtocol - Initializing ProtocolHandler ["http-nio-8085"]
13:13:52.900 logback [main] INFO  o.a.catalina.core.StandardService - Starting service [Tomcat]
13:13:52.900 logback [main] INFO  o.a.catalina.core.StandardEngine - Starting Servlet engine: [Apache Tomcat/10.1.8]
13:13:52.951 logback [main] INFO  o.a.c.c.C.[Tomcat].[localhost].[/] - Initializing Spring embedded WebApplicationContext
13:13:52.951 logback [main] INFO  o.s.b.w.s.c.ServletWebServerApplicationContext - Root WebApplicationContext: initialization completed in 792 ms
13:13:53.839 logback [main] INFO  com.vtube.comfig.SaTokenConfig - ############# 放行路由START ##############
13:13:53.840 logback [main] INFO  com.vtube.comfig.SaTokenConfig - /test/**
13:13:53.840 logback [main] INFO  com.vtube.comfig.SaTokenConfig - /favicon.ico
13:13:53.840 logback [main] INFO  com.vtube.comfig.SaTokenConfig - /swagger-ui/**
13:13:53.840 logback [main] INFO  com.vtube.comfig.SaTokenConfig - /swagger-resources/**
13:13:53.840 logback [main] INFO  com.vtube.comfig.SaTokenConfig - /v3/**
13:13:53.840 logback [main] INFO  com.vtube.comfig.SaTokenConfig - /error
13:13:53.840 logback [main] INFO  com.vtube.comfig.SaTokenConfig - /default/**
13:13:53.840 logback [main] INFO  com.vtube.comfig.SaTokenConfig - /css/**
13:13:53.840 logback [main] INFO  com.vtube.comfig.SaTokenConfig - /js/**
13:13:53.840 logback [main] INFO  com.vtube.comfig.SaTokenConfig - /video/**
13:13:53.841 logback [main] INFO  com.vtube.comfig.SaTokenConfig - /dict/**
13:13:53.841 logback [main] INFO  com.vtube.comfig.SaTokenConfig - ############# 放行路由END ##############
13:13:54.224 logback [main] INFO  o.a.coyote.http11.Http11NioProtocol - Starting ProtocolHandler ["http-nio-8085"]
13:13:54.236 logback [main] INFO  o.s.b.w.e.tomcat.TomcatWebServer - Tomcat started on port(s): 8085 (http) with context path ''
13:13:54.236 logback [main] INFO  com.vtube.AdminApplication - 
---------------------------------------------------------
	Application is running! Access address:
	Local:		http://localhost:8085
	External:	http://172.26.80.1:8085
	管理员接口文档:	http://localhost:8085/swagger-ui/index.html#/
---------------------------------------------------------

13:13:54.242 logback [main] INFO  com.vtube.AdminApplication - Started AdminApplication in 2.323 seconds (process running for 2.722)
13:19:00.376 logback [SpringApplicationShutdownHook] INFO  c.alibaba.druid.pool.DruidDataSource - {dataSource-0} closing ...
13:19:07.797 logback [main] INFO  com.vtube.AdminApplication - Starting AdminApplication using Java 19.0.2 with PID 2872 (E:\VTube\VTube-java\vb-admin\target\classes started by Administrator in E:\VTube)
13:19:07.798 logback [main] INFO  com.vtube.AdminApplication - The following 1 profile is active: "dev"
13:19:08.559 logback [main] INFO  o.s.b.w.e.tomcat.TomcatWebServer - Tomcat initialized with port(s): 8085 (http)
13:19:08.564 logback [main] INFO  o.a.coyote.http11.Http11NioProtocol - Initializing ProtocolHandler ["http-nio-8085"]
13:19:08.564 logback [main] INFO  o.a.catalina.core.StandardService - Starting service [Tomcat]
13:19:08.564 logback [main] INFO  o.a.catalina.core.StandardEngine - Starting Servlet engine: [Apache Tomcat/10.1.8]
13:19:08.611 logback [main] INFO  o.a.c.c.C.[Tomcat].[localhost].[/] - Initializing Spring embedded WebApplicationContext
13:19:08.611 logback [main] INFO  o.s.b.w.s.c.ServletWebServerApplicationContext - Root WebApplicationContext: initialization completed in 790 ms
13:19:09.377 logback [main] INFO  com.vtube.comfig.SaTokenConfig - ############# 放行路由START ##############
13:19:09.377 logback [main] INFO  com.vtube.comfig.SaTokenConfig - /test/**
13:19:09.377 logback [main] INFO  com.vtube.comfig.SaTokenConfig - /favicon.ico
13:19:09.377 logback [main] INFO  com.vtube.comfig.SaTokenConfig - /swagger-ui/**
13:19:09.377 logback [main] INFO  com.vtube.comfig.SaTokenConfig - /swagger-resources/**
13:19:09.377 logback [main] INFO  com.vtube.comfig.SaTokenConfig - /v3/**
13:19:09.377 logback [main] INFO  com.vtube.comfig.SaTokenConfig - /error
13:19:09.377 logback [main] INFO  com.vtube.comfig.SaTokenConfig - /default/**
13:19:09.377 logback [main] INFO  com.vtube.comfig.SaTokenConfig - /css/**
13:19:09.377 logback [main] INFO  com.vtube.comfig.SaTokenConfig - /js/**
13:19:09.377 logback [main] INFO  com.vtube.comfig.SaTokenConfig - /video/**
13:19:09.377 logback [main] INFO  com.vtube.comfig.SaTokenConfig - /dict/**
13:19:09.377 logback [main] INFO  com.vtube.comfig.SaTokenConfig - ############# 放行路由END ##############
13:19:09.741 logback [main] INFO  o.a.coyote.http11.Http11NioProtocol - Starting ProtocolHandler ["http-nio-8085"]
13:19:09.753 logback [main] INFO  o.s.b.w.e.tomcat.TomcatWebServer - Tomcat started on port(s): 8085 (http) with context path ''
13:19:09.754 logback [main] INFO  com.vtube.AdminApplication - 
---------------------------------------------------------
	Application is running! Access address:
	Local:		http://localhost:8085
	External:	http://172.26.80.1:8085
	管理员接口文档:	http://localhost:8085/swagger-ui/index.html#/
---------------------------------------------------------

13:19:09.759 logback [main] INFO  com.vtube.AdminApplication - Started AdminApplication in 2.175 seconds (process running for 2.568)
13:19:23.919 logback [http-nio-8085-exec-1] INFO  o.a.c.c.C.[Tomcat].[localhost].[/] - Initializing Spring DispatcherServlet 'dispatcherServlet'
13:19:23.919 logback [http-nio-8085-exec-1] INFO  o.s.web.servlet.DispatcherServlet - Initializing Servlet 'dispatcherServlet'
13:19:23.920 logback [http-nio-8085-exec-1] INFO  o.s.web.servlet.DispatcherServlet - Completed initialization in 1 ms
13:19:24.110 logback [http-nio-8085-exec-1] INFO  c.alibaba.druid.pool.DruidDataSource - {dataSource-1} inited
13:19:30.416 logback [http-nio-8085-exec-4] ERROR c.v.e.GlobalExceptionHandler - 登录失效异常:未能读取到有效 token
13:19:30.417 logback [http-nio-8085-exec-4] INFO  c.v.e.GlobalExceptionHandler - =============== handlerException-START ===============
13:19:30.417 logback [http-nio-8085-exec-4] INFO  c.v.e.GlobalExceptionHandler - 请求IP：127.0.0.1
13:19:30.418 logback [http-nio-8085-exec-4] INFO  c.v.e.GlobalExceptionHandler - 请求地址：http://127.0.0.1:8085/uploadFile
13:19:30.418 logback [http-nio-8085-exec-4] INFO  c.v.e.GlobalExceptionHandler - 请求方式：POST
13:19:30.418 logback [http-nio-8085-exec-4] INFO  c.v.e.GlobalExceptionHandler - =============== 请求内容-END ===============
13:20:48.376 logback [SpringApplicationShutdownHook] INFO  c.alibaba.druid.pool.DruidDataSource - {dataSource-1} closing ...
13:20:48.379 logback [SpringApplicationShutdownHook] INFO  c.alibaba.druid.pool.DruidDataSource - {dataSource-1} closed
13:20:50.959 logback [main] INFO  com.vtube.AdminApplication - Starting AdminApplication using Java 19.0.2 with PID 66464 (E:\VTube\VTube-java\vb-admin\target\classes started by Administrator in E:\VTube)
13:20:50.961 logback [main] INFO  com.vtube.AdminApplication - The following 1 profile is active: "dev"
13:20:52.158 logback [main] INFO  o.s.b.w.e.tomcat.TomcatWebServer - Tomcat initialized with port(s): 8085 (http)
13:20:52.164 logback [main] INFO  o.a.coyote.http11.Http11NioProtocol - Initializing ProtocolHandler ["http-nio-8085"]
13:20:52.164 logback [main] INFO  o.a.catalina.core.StandardService - Starting service [Tomcat]
13:20:52.165 logback [main] INFO  o.a.catalina.core.StandardEngine - Starting Servlet engine: [Apache Tomcat/10.1.8]
13:20:52.223 logback [main] INFO  o.a.c.c.C.[Tomcat].[localhost].[/] - Initializing Spring embedded WebApplicationContext
13:20:52.223 logback [main] INFO  o.s.b.w.s.c.ServletWebServerApplicationContext - Root WebApplicationContext: initialization completed in 1229 ms
13:20:53.088 logback [main] INFO  com.vtube.comfig.SaTokenConfig - ############# 放行路由START ##############
13:20:53.088 logback [main] INFO  com.vtube.comfig.SaTokenConfig - /test/**
13:20:53.088 logback [main] INFO  com.vtube.comfig.SaTokenConfig - /favicon.ico
13:20:53.088 logback [main] INFO  com.vtube.comfig.SaTokenConfig - /swagger-ui/**
13:20:53.088 logback [main] INFO  com.vtube.comfig.SaTokenConfig - /swagger-resources/**
13:20:53.088 logback [main] INFO  com.vtube.comfig.SaTokenConfig - /v3/**
13:20:53.088 logback [main] INFO  com.vtube.comfig.SaTokenConfig - /error
13:20:53.088 logback [main] INFO  com.vtube.comfig.SaTokenConfig - /default/**
13:20:53.088 logback [main] INFO  com.vtube.comfig.SaTokenConfig - /css/**
13:20:53.088 logback [main] INFO  com.vtube.comfig.SaTokenConfig - /js/**
13:20:53.088 logback [main] INFO  com.vtube.comfig.SaTokenConfig - /video/**
13:20:53.088 logback [main] INFO  com.vtube.comfig.SaTokenConfig - /dict/**
13:20:53.088 logback [main] INFO  com.vtube.comfig.SaTokenConfig - /uploadFile
13:20:53.088 logback [main] INFO  com.vtube.comfig.SaTokenConfig - /downloadFile
13:20:53.088 logback [main] INFO  com.vtube.comfig.SaTokenConfig - /buckets
13:20:53.088 logback [main] INFO  com.vtube.comfig.SaTokenConfig - /createBucket
13:20:53.089 logback [main] INFO  com.vtube.comfig.SaTokenConfig - /deleteBucket/**
13:20:53.089 logback [main] INFO  com.vtube.comfig.SaTokenConfig - ############# 放行路由END ##############
13:20:53.528 logback [main] INFO  o.a.coyote.http11.Http11NioProtocol - Starting ProtocolHandler ["http-nio-8085"]
13:20:53.540 logback [main] INFO  o.s.b.w.e.tomcat.TomcatWebServer - Tomcat started on port(s): 8085 (http) with context path ''
13:20:53.541 logback [main] INFO  com.vtube.AdminApplication - 
---------------------------------------------------------
	Application is running! Access address:
	Local:		http://localhost:8085
	External:	http://172.26.80.1:8085
	管理员接口文档:	http://localhost:8085/swagger-ui/index.html#/
---------------------------------------------------------

13:20:53.548 logback [main] INFO  com.vtube.AdminApplication - Started AdminApplication in 2.855 seconds (process running for 3.649)
13:20:54.632 logback [SpringApplicationShutdownHook] INFO  c.alibaba.druid.pool.DruidDataSource - {dataSource-0} closing ...
13:20:57.714 logback [main] INFO  com.vtube.AdminApplication - Starting AdminApplication using Java 19.0.2 with PID 2420 (E:\VTube\VTube-java\vb-admin\target\classes started by Administrator in E:\VTube)
13:20:57.715 logback [main] INFO  com.vtube.AdminApplication - The following 1 profile is active: "dev"
13:20:58.482 logback [main] INFO  o.s.b.w.e.tomcat.TomcatWebServer - Tomcat initialized with port(s): 8085 (http)
13:20:58.488 logback [main] INFO  o.a.coyote.http11.Http11NioProtocol - Initializing ProtocolHandler ["http-nio-8085"]
13:20:58.488 logback [main] INFO  o.a.catalina.core.StandardService - Starting service [Tomcat]
13:20:58.488 logback [main] INFO  o.a.catalina.core.StandardEngine - Starting Servlet engine: [Apache Tomcat/10.1.8]
13:20:58.542 logback [main] INFO  o.a.c.c.C.[Tomcat].[localhost].[/] - Initializing Spring embedded WebApplicationContext
13:20:58.543 logback [main] INFO  o.s.b.w.s.c.ServletWebServerApplicationContext - Root WebApplicationContext: initialization completed in 802 ms
13:20:59.323 logback [main] INFO  com.vtube.comfig.SaTokenConfig - ############# 放行路由START ##############
13:20:59.323 logback [main] INFO  com.vtube.comfig.SaTokenConfig - /test/**
13:20:59.323 logback [main] INFO  com.vtube.comfig.SaTokenConfig - /favicon.ico
13:20:59.323 logback [main] INFO  com.vtube.comfig.SaTokenConfig - /swagger-ui/**
13:20:59.323 logback [main] INFO  com.vtube.comfig.SaTokenConfig - /swagger-resources/**
13:20:59.323 logback [main] INFO  com.vtube.comfig.SaTokenConfig - /v3/**
13:20:59.323 logback [main] INFO  com.vtube.comfig.SaTokenConfig - /error
13:20:59.323 logback [main] INFO  com.vtube.comfig.SaTokenConfig - /default/**
13:20:59.323 logback [main] INFO  com.vtube.comfig.SaTokenConfig - /css/**
13:20:59.323 logback [main] INFO  com.vtube.comfig.SaTokenConfig - /js/**
13:20:59.323 logback [main] INFO  com.vtube.comfig.SaTokenConfig - /video/**
13:20:59.323 logback [main] INFO  com.vtube.comfig.SaTokenConfig - /dict/**
13:20:59.323 logback [main] INFO  com.vtube.comfig.SaTokenConfig - /uploadFile
13:20:59.323 logback [main] INFO  com.vtube.comfig.SaTokenConfig - /downloadFile
13:20:59.323 logback [main] INFO  com.vtube.comfig.SaTokenConfig - /buckets
13:20:59.324 logback [main] INFO  com.vtube.comfig.SaTokenConfig - /createBucket
13:20:59.324 logback [main] INFO  com.vtube.comfig.SaTokenConfig - /deleteBucket/**
13:20:59.324 logback [main] INFO  com.vtube.comfig.SaTokenConfig - ############# 放行路由END ##############
13:20:59.689 logback [main] INFO  o.a.coyote.http11.Http11NioProtocol - Starting ProtocolHandler ["http-nio-8085"]
13:20:59.700 logback [main] INFO  o.s.b.w.e.tomcat.TomcatWebServer - Tomcat started on port(s): 8085 (http) with context path ''
13:20:59.701 logback [main] INFO  com.vtube.AdminApplication - 
---------------------------------------------------------
	Application is running! Access address:
	Local:		http://localhost:8085
	External:	http://172.26.80.1:8085
	管理员接口文档:	http://localhost:8085/swagger-ui/index.html#/
---------------------------------------------------------

13:20:59.706 logback [main] INFO  com.vtube.AdminApplication - Started AdminApplication in 2.221 seconds (process running for 2.622)
13:21:05.192 logback [http-nio-8085-exec-3] INFO  o.a.c.c.C.[Tomcat].[localhost].[/] - Initializing Spring DispatcherServlet 'dispatcherServlet'
13:21:05.192 logback [http-nio-8085-exec-3] INFO  o.s.web.servlet.DispatcherServlet - Initializing Servlet 'dispatcherServlet'
13:21:05.193 logback [http-nio-8085-exec-3] INFO  o.s.web.servlet.DispatcherServlet - Completed initialization in 1 ms
13:21:05.271 logback [http-nio-8085-exec-3] INFO  c.alibaba.druid.pool.DruidDataSource - {dataSource-1} inited
13:22:41.918 logback [SpringApplicationShutdownHook] INFO  c.alibaba.druid.pool.DruidDataSource - {dataSource-1} closing ...
13:22:41.921 logback [SpringApplicationShutdownHook] INFO  c.alibaba.druid.pool.DruidDataSource - {dataSource-1} closed
13:22:45.743 logback [main] INFO  com.vtube.AdminApplication - Starting AdminApplication using Java 19.0.2 with PID 57692 (E:\VTube\VTube-java\vb-admin\target\classes started by Administrator in E:\VTube)
13:22:45.746 logback [main] INFO  com.vtube.AdminApplication - The following 1 profile is active: "dev"
13:22:46.548 logback [main] INFO  o.s.b.w.e.tomcat.TomcatWebServer - Tomcat initialized with port(s): 8085 (http)
13:22:46.553 logback [main] INFO  o.a.coyote.http11.Http11NioProtocol - Initializing ProtocolHandler ["http-nio-8085"]
13:22:46.554 logback [main] INFO  o.a.catalina.core.StandardService - Starting service [Tomcat]
13:22:46.554 logback [main] INFO  o.a.catalina.core.StandardEngine - Starting Servlet engine: [Apache Tomcat/10.1.8]
13:22:46.605 logback [main] INFO  o.a.c.c.C.[Tomcat].[localhost].[/] - Initializing Spring embedded WebApplicationContext
13:22:46.605 logback [main] INFO  o.s.b.w.s.c.ServletWebServerApplicationContext - Root WebApplicationContext: initialization completed in 834 ms
13:22:47.433 logback [main] INFO  com.vtube.comfig.SaTokenConfig - ############# 放行路由START ##############
13:22:47.434 logback [main] INFO  com.vtube.comfig.SaTokenConfig - /test/**
13:22:47.434 logback [main] INFO  com.vtube.comfig.SaTokenConfig - /favicon.ico
13:22:47.434 logback [main] INFO  com.vtube.comfig.SaTokenConfig - /swagger-ui/**
13:22:47.434 logback [main] INFO  com.vtube.comfig.SaTokenConfig - /swagger-resources/**
13:22:47.434 logback [main] INFO  com.vtube.comfig.SaTokenConfig - /v3/**
13:22:47.434 logback [main] INFO  com.vtube.comfig.SaTokenConfig - /error
13:22:47.434 logback [main] INFO  com.vtube.comfig.SaTokenConfig - /default/**
13:22:47.434 logback [main] INFO  com.vtube.comfig.SaTokenConfig - /css/**
13:22:47.434 logback [main] INFO  com.vtube.comfig.SaTokenConfig - /js/**
13:22:47.434 logback [main] INFO  com.vtube.comfig.SaTokenConfig - /video/**
13:22:47.434 logback [main] INFO  com.vtube.comfig.SaTokenConfig - /dict/**
13:22:47.434 logback [main] INFO  com.vtube.comfig.SaTokenConfig - /uploadFile
13:22:47.434 logback [main] INFO  com.vtube.comfig.SaTokenConfig - /downloadFile
13:22:47.434 logback [main] INFO  com.vtube.comfig.SaTokenConfig - /buckets
13:22:47.434 logback [main] INFO  com.vtube.comfig.SaTokenConfig - /createBucket
13:22:47.434 logback [main] INFO  com.vtube.comfig.SaTokenConfig - /deleteBucket/**
13:22:47.435 logback [main] INFO  com.vtube.comfig.SaTokenConfig - ############# 放行路由END ##############
13:22:47.843 logback [main] INFO  o.a.coyote.http11.Http11NioProtocol - Starting ProtocolHandler ["http-nio-8085"]
13:22:47.855 logback [main] INFO  o.s.b.w.e.tomcat.TomcatWebServer - Tomcat started on port(s): 8085 (http) with context path ''
13:22:47.856 logback [main] INFO  com.vtube.AdminApplication - 
---------------------------------------------------------
	Application is running! Access address:
	Local:		http://localhost:8085
	External:	http://172.26.80.1:8085
	管理员接口文档:	http://localhost:8085/swagger-ui/index.html#/
---------------------------------------------------------

13:22:47.861 logback [main] INFO  com.vtube.AdminApplication - Started AdminApplication in 2.341 seconds (process running for 2.771)
13:22:55.713 logback [http-nio-8085-exec-4] INFO  o.a.c.c.C.[Tomcat].[localhost].[/] - Initializing Spring DispatcherServlet 'dispatcherServlet'
13:22:55.714 logback [http-nio-8085-exec-4] INFO  o.s.web.servlet.DispatcherServlet - Initializing Servlet 'dispatcherServlet'
13:22:55.716 logback [http-nio-8085-exec-4] INFO  o.s.web.servlet.DispatcherServlet - Completed initialization in 2 ms
13:22:55.819 logback [http-nio-8085-exec-3] INFO  c.alibaba.druid.pool.DruidDataSource - {dataSource-1} inited
13:24:06.262 logback [http-nio-8085-exec-8] WARN  c.a.d.pool.DruidAbstractDataSource - discard long time none received connection. , jdbcUrl : jdbc:mysql://localhost:3306/vtube?useUnicode=true&characterEncoding=utf-8&useSSL=true&serverTimezone=UTC&socketTimeout=60000&zeroDateTimeBehavior=convertToNull&allowMultiQueries=true, version : 1.2.5, lastPacketReceivedIdleMillis : 63018
13:24:06.262 logback [http-nio-8085-exec-2] WARN  c.a.d.pool.DruidAbstractDataSource - discard long time none received connection. , jdbcUrl : jdbc:mysql://localhost:3306/vtube?useUnicode=true&characterEncoding=utf-8&useSSL=true&serverTimezone=UTC&socketTimeout=60000&zeroDateTimeBehavior=convertToNull&allowMultiQueries=true, version : 1.2.5, lastPacketReceivedIdleMillis : 70278
13:24:06.262 logback [http-nio-8085-exec-10] WARN  c.a.d.pool.DruidAbstractDataSource - discard long time none received connection. , jdbcUrl : jdbc:mysql://localhost:3306/vtube?useUnicode=true&characterEncoding=utf-8&useSSL=true&serverTimezone=UTC&socketTimeout=60000&zeroDateTimeBehavior=convertToNull&allowMultiQueries=true, version : 1.2.5, lastPacketReceivedIdleMillis : 70279
13:25:21.725 logback [http-nio-8085-exec-6] WARN  c.a.d.pool.DruidAbstractDataSource - discard long time none received connection. , jdbcUrl : jdbc:mysql://localhost:3306/vtube?useUnicode=true&characterEncoding=utf-8&useSSL=true&serverTimezone=UTC&socketTimeout=60000&zeroDateTimeBehavior=convertToNull&allowMultiQueries=true, version : 1.2.5, lastPacketReceivedIdleMillis : 75443
13:25:21.725 logback [http-nio-8085-exec-5] WARN  c.a.d.pool.DruidAbstractDataSource - discard long time none received connection. , jdbcUrl : jdbc:mysql://localhost:3306/vtube?useUnicode=true&characterEncoding=utf-8&useSSL=true&serverTimezone=UTC&socketTimeout=60000&zeroDateTimeBehavior=convertToNull&allowMultiQueries=true, version : 1.2.5, lastPacketReceivedIdleMillis : 66768
13:27:28.534 logback [SpringApplicationShutdownHook] INFO  c.alibaba.druid.pool.DruidDataSource - {dataSource-1} closing ...
13:27:28.535 logback [SpringApplicationShutdownHook] INFO  c.alibaba.druid.pool.DruidDataSource - {dataSource-1} closed
13:27:31.696 logback [main] INFO  com.vtube.AdminApplication - Starting AdminApplication using Java 19.0.2 with PID 10852 (E:\VTube\VTube-java\vb-admin\target\classes started by Administrator in E:\VTube)
13:27:31.697 logback [main] INFO  com.vtube.AdminApplication - The following 1 profile is active: "dev"
13:27:32.501 logback [main] INFO  o.s.b.w.e.tomcat.TomcatWebServer - Tomcat initialized with port(s): 8085 (http)
13:27:32.506 logback [main] INFO  o.a.coyote.http11.Http11NioProtocol - Initializing ProtocolHandler ["http-nio-8085"]
13:27:32.506 logback [main] INFO  o.a.catalina.core.StandardService - Starting service [Tomcat]
13:27:32.506 logback [main] INFO  o.a.catalina.core.StandardEngine - Starting Servlet engine: [Apache Tomcat/10.1.8]
13:27:32.555 logback [main] INFO  o.a.c.c.C.[Tomcat].[localhost].[/] - Initializing Spring embedded WebApplicationContext
13:27:32.555 logback [main] INFO  o.s.b.w.s.c.ServletWebServerApplicationContext - Root WebApplicationContext: initialization completed in 835 ms
13:27:33.289 logback [main] INFO  com.vtube.comfig.SaTokenConfig - ############# 放行路由START ##############
13:27:33.290 logback [main] INFO  com.vtube.comfig.SaTokenConfig - /test/**
13:27:33.290 logback [main] INFO  com.vtube.comfig.SaTokenConfig - /favicon.ico
13:27:33.290 logback [main] INFO  com.vtube.comfig.SaTokenConfig - /swagger-ui/**
13:27:33.290 logback [main] INFO  com.vtube.comfig.SaTokenConfig - /swagger-resources/**
13:27:33.290 logback [main] INFO  com.vtube.comfig.SaTokenConfig - /v3/**
13:27:33.290 logback [main] INFO  com.vtube.comfig.SaTokenConfig - /error
13:27:33.290 logback [main] INFO  com.vtube.comfig.SaTokenConfig - /default/**
13:27:33.290 logback [main] INFO  com.vtube.comfig.SaTokenConfig - /css/**
13:27:33.290 logback [main] INFO  com.vtube.comfig.SaTokenConfig - /js/**
13:27:33.290 logback [main] INFO  com.vtube.comfig.SaTokenConfig - /video/**
13:27:33.290 logback [main] INFO  com.vtube.comfig.SaTokenConfig - /dict/**
13:27:33.290 logback [main] INFO  com.vtube.comfig.SaTokenConfig - /uploadFile
13:27:33.290 logback [main] INFO  com.vtube.comfig.SaTokenConfig - /downloadFile
13:27:33.290 logback [main] INFO  com.vtube.comfig.SaTokenConfig - /buckets
13:27:33.290 logback [main] INFO  com.vtube.comfig.SaTokenConfig - /createBucket
13:27:33.290 logback [main] INFO  com.vtube.comfig.SaTokenConfig - /deleteBucket/**
13:27:33.290 logback [main] INFO  com.vtube.comfig.SaTokenConfig - ############# 放行路由END ##############
13:27:33.649 logback [main] INFO  o.a.coyote.http11.Http11NioProtocol - Starting ProtocolHandler ["http-nio-8085"]
13:27:33.660 logback [main] INFO  o.s.b.w.e.tomcat.TomcatWebServer - Tomcat started on port(s): 8085 (http) with context path ''
13:27:33.661 logback [main] INFO  com.vtube.AdminApplication - 
---------------------------------------------------------
	Application is running! Access address:
	Local:		http://localhost:8085
	External:	http://172.26.80.1:8085
	管理员接口文档:	http://localhost:8085/swagger-ui/index.html#/
---------------------------------------------------------

13:27:33.667 logback [main] INFO  com.vtube.AdminApplication - Started AdminApplication in 2.18 seconds (process running for 2.567)
13:27:44.205 logback [http-nio-8085-exec-1] INFO  o.a.c.c.C.[Tomcat].[localhost].[/] - Initializing Spring DispatcherServlet 'dispatcherServlet'
13:27:44.206 logback [http-nio-8085-exec-1] INFO  o.s.web.servlet.DispatcherServlet - Initializing Servlet 'dispatcherServlet'
13:27:44.208 logback [http-nio-8085-exec-1] INFO  o.s.web.servlet.DispatcherServlet - Completed initialization in 1 ms
13:27:44.297 logback [http-nio-8085-exec-8] INFO  c.alibaba.druid.pool.DruidDataSource - {dataSource-1} inited
13:30:01.800 logback [http-nio-8085-exec-7] WARN  c.a.d.pool.DruidAbstractDataSource - discard long time none received connection. , jdbcUrl : jdbc:mysql://localhost:3306/vtube?useUnicode=true&characterEncoding=utf-8&useSSL=true&serverTimezone=UTC&socketTimeout=60000&zeroDateTimeBehavior=convertToNull&allowMultiQueries=true, version : 1.2.5, lastPacketReceivedIdleMillis : 122495
13:30:01.800 logback [http-nio-8085-exec-3] WARN  c.a.d.pool.DruidAbstractDataSource - discard long time none received connection. , jdbcUrl : jdbc:mysql://localhost:3306/vtube?useUnicode=true&characterEncoding=utf-8&useSSL=true&serverTimezone=UTC&socketTimeout=60000&zeroDateTimeBehavior=convertToNull&allowMultiQueries=true, version : 1.2.5, lastPacketReceivedIdleMillis : 137341
13:30:01.800 logback [http-nio-8085-exec-6] WARN  c.a.d.pool.DruidAbstractDataSource - discard long time none received connection. , jdbcUrl : jdbc:mysql://localhost:3306/vtube?useUnicode=true&characterEncoding=utf-8&useSSL=true&serverTimezone=UTC&socketTimeout=60000&zeroDateTimeBehavior=convertToNull&allowMultiQueries=true, version : 1.2.5, lastPacketReceivedIdleMillis : 122489
13:33:43.867 logback [SpringApplicationShutdownHook] INFO  c.alibaba.druid.pool.DruidDataSource - {dataSource-1} closing ...
13:33:43.869 logback [SpringApplicationShutdownHook] INFO  c.alibaba.druid.pool.DruidDataSource - {dataSource-1} closed
13:33:57.127 logback [main] INFO  com.vtube.AdminApplication - Starting AdminApplication using Java 19.0.2 with PID 71488 (E:\VTube\VTube-java\vb-admin\target\classes started by Administrator in E:\VTube)
13:33:57.129 logback [main] INFO  com.vtube.AdminApplication - The following 1 profile is active: "dev"
13:33:57.871 logback [main] INFO  o.s.b.w.e.tomcat.TomcatWebServer - Tomcat initialized with port(s): 8085 (http)
13:33:57.876 logback [main] INFO  o.a.coyote.http11.Http11NioProtocol - Initializing ProtocolHandler ["http-nio-8085"]
13:33:57.877 logback [main] INFO  o.a.catalina.core.StandardService - Starting service [Tomcat]
13:33:57.877 logback [main] INFO  o.a.catalina.core.StandardEngine - Starting Servlet engine: [Apache Tomcat/10.1.8]
13:33:57.923 logback [main] INFO  o.a.c.c.C.[Tomcat].[localhost].[/] - Initializing Spring embedded WebApplicationContext
13:33:57.923 logback [main] INFO  o.s.b.w.s.c.ServletWebServerApplicationContext - Root WebApplicationContext: initialization completed in 771 ms
13:33:58.704 logback [main] INFO  com.vtube.comfig.SaTokenConfig - ############# 放行路由START ##############
13:33:58.704 logback [main] INFO  com.vtube.comfig.SaTokenConfig - /test/**
13:33:58.704 logback [main] INFO  com.vtube.comfig.SaTokenConfig - /favicon.ico
13:33:58.704 logback [main] INFO  com.vtube.comfig.SaTokenConfig - /swagger-ui/**
13:33:58.704 logback [main] INFO  com.vtube.comfig.SaTokenConfig - /swagger-resources/**
13:33:58.704 logback [main] INFO  com.vtube.comfig.SaTokenConfig - /v3/**
13:33:58.704 logback [main] INFO  com.vtube.comfig.SaTokenConfig - /error
13:33:58.704 logback [main] INFO  com.vtube.comfig.SaTokenConfig - /default/**
13:33:58.704 logback [main] INFO  com.vtube.comfig.SaTokenConfig - /css/**
13:33:58.704 logback [main] INFO  com.vtube.comfig.SaTokenConfig - /js/**
13:33:58.704 logback [main] INFO  com.vtube.comfig.SaTokenConfig - /video/**
13:33:58.704 logback [main] INFO  com.vtube.comfig.SaTokenConfig - /dict/**
13:33:58.704 logback [main] INFO  com.vtube.comfig.SaTokenConfig - /uploadFile
13:33:58.704 logback [main] INFO  com.vtube.comfig.SaTokenConfig - /downloadFile
13:33:58.704 logback [main] INFO  com.vtube.comfig.SaTokenConfig - /buckets
13:33:58.704 logback [main] INFO  com.vtube.comfig.SaTokenConfig - /createBucket
13:33:58.705 logback [main] INFO  com.vtube.comfig.SaTokenConfig - /deleteBucket/**
13:33:58.705 logback [main] INFO  com.vtube.comfig.SaTokenConfig - ############# 放行路由END ##############
13:33:59.067 logback [main] INFO  o.a.coyote.http11.Http11NioProtocol - Starting ProtocolHandler ["http-nio-8085"]
13:33:59.078 logback [main] INFO  o.s.b.w.e.tomcat.TomcatWebServer - Tomcat started on port(s): 8085 (http) with context path ''
13:33:59.079 logback [main] INFO  com.vtube.AdminApplication - 
---------------------------------------------------------
	Application is running! Access address:
	Local:		http://localhost:8085
	External:	http://172.26.80.1:8085
	管理员接口文档:	http://localhost:8085/swagger-ui/index.html#/
---------------------------------------------------------

13:33:59.084 logback [main] INFO  com.vtube.AdminApplication - Started AdminApplication in 2.166 seconds (process running for 2.582)
13:34:12.259 logback [http-nio-8085-exec-1] INFO  o.a.c.c.C.[Tomcat].[localhost].[/] - Initializing Spring DispatcherServlet 'dispatcherServlet'
13:34:12.260 logback [http-nio-8085-exec-1] INFO  o.s.web.servlet.DispatcherServlet - Initializing Servlet 'dispatcherServlet'
13:34:12.261 logback [http-nio-8085-exec-1] INFO  o.s.web.servlet.DispatcherServlet - Completed initialization in 1 ms
13:34:12.375 logback [http-nio-8085-exec-2] INFO  c.alibaba.druid.pool.DruidDataSource - {dataSource-1} inited
13:45:11.621 logback [http-nio-8085-exec-9] WARN  c.a.d.pool.DruidAbstractDataSource - discard long time none received connection. , jdbcUrl : jdbc:mysql://localhost:3306/vtube?useUnicode=true&characterEncoding=utf-8&useSSL=true&serverTimezone=UTC&socketTimeout=60000&zeroDateTimeBehavior=convertToNull&allowMultiQueries=true, version : 1.2.5, lastPacketReceivedIdleMillis : 603011
13:45:11.621 logback [http-nio-8085-exec-7] WARN  c.a.d.pool.DruidAbstractDataSource - discard long time none received connection. , jdbcUrl : jdbc:mysql://localhost:3306/vtube?useUnicode=true&characterEncoding=utf-8&useSSL=true&serverTimezone=UTC&socketTimeout=60000&zeroDateTimeBehavior=convertToNull&allowMultiQueries=true, version : 1.2.5, lastPacketReceivedIdleMillis : 659085
13:45:11.621 logback [http-nio-8085-exec-5] WARN  c.a.d.pool.DruidAbstractDataSource - discard long time none received connection. , jdbcUrl : jdbc:mysql://localhost:3306/vtube?useUnicode=true&characterEncoding=utf-8&useSSL=true&serverTimezone=UTC&socketTimeout=60000&zeroDateTimeBehavior=convertToNull&allowMultiQueries=true, version : 1.2.5, lastPacketReceivedIdleMillis : 595799
13:49:03.108 logback [http-nio-8085-exec-9] WARN  c.a.d.pool.DruidAbstractDataSource - discard long time none received connection. , jdbcUrl : jdbc:mysql://localhost:3306/vtube?useUnicode=true&characterEncoding=utf-8&useSSL=true&serverTimezone=UTC&socketTimeout=60000&zeroDateTimeBehavior=convertToNull&allowMultiQueries=true, version : 1.2.5, lastPacketReceivedIdleMillis : 225684
13:49:03.109 logback [http-nio-8085-exec-9] WARN  c.a.d.pool.DruidAbstractDataSource - discard long time none received connection. , jdbcUrl : jdbc:mysql://localhost:3306/vtube?useUnicode=true&characterEncoding=utf-8&useSSL=true&serverTimezone=UTC&socketTimeout=60000&zeroDateTimeBehavior=convertToNull&allowMultiQueries=true, version : 1.2.5, lastPacketReceivedIdleMillis : 230692
13:51:06.569 logback [http-nio-8085-exec-5] WARN  c.a.d.pool.DruidAbstractDataSource - discard long time none received connection. , jdbcUrl : jdbc:mysql://localhost:3306/vtube?useUnicode=true&characterEncoding=utf-8&useSSL=true&serverTimezone=UTC&socketTimeout=60000&zeroDateTimeBehavior=convertToNull&allowMultiQueries=true, version : 1.2.5, lastPacketReceivedIdleMillis : 123442
13:57:41.898 logback [http-nio-8085-exec-9] WARN  c.a.d.pool.DruidAbstractDataSource - discard long time none received connection. , jdbcUrl : jdbc:mysql://localhost:3306/vtube?useUnicode=true&characterEncoding=utf-8&useSSL=true&serverTimezone=UTC&socketTimeout=60000&zeroDateTimeBehavior=convertToNull&allowMultiQueries=true, version : 1.2.5, lastPacketReceivedIdleMillis : 319384
13:57:41.898 logback [http-nio-8085-exec-1] WARN  c.a.d.pool.DruidAbstractDataSource - discard long time none received connection. , jdbcUrl : jdbc:mysql://localhost:3306/vtube?useUnicode=true&characterEncoding=utf-8&useSSL=true&serverTimezone=UTC&socketTimeout=60000&zeroDateTimeBehavior=convertToNull&allowMultiQueries=true, version : 1.2.5, lastPacketReceivedIdleMillis : 314787
13:59:54.386 logback [http-nio-8085-exec-3] WARN  c.a.d.pool.DruidAbstractDataSource - discard long time none received connection. , jdbcUrl : jdbc:mysql://localhost:3306/vtube?useUnicode=true&characterEncoding=utf-8&useSSL=true&serverTimezone=UTC&socketTimeout=60000&zeroDateTimeBehavior=convertToNull&allowMultiQueries=true, version : 1.2.5, lastPacketReceivedIdleMillis : 129280
13:59:54.387 logback [http-nio-8085-exec-3] WARN  c.a.d.pool.DruidAbstractDataSource - discard long time none received connection. , jdbcUrl : jdbc:mysql://localhost:3306/vtube?useUnicode=true&characterEncoding=utf-8&useSSL=true&serverTimezone=UTC&socketTimeout=60000&zeroDateTimeBehavior=convertToNull&allowMultiQueries=true, version : 1.2.5, lastPacketReceivedIdleMillis : 132472
14:02:20.105 logback [http-nio-8085-exec-4] WARN  c.a.d.pool.DruidAbstractDataSource - discard long time none received connection. , jdbcUrl : jdbc:mysql://localhost:3306/vtube?useUnicode=true&characterEncoding=utf-8&useSSL=true&serverTimezone=UTC&socketTimeout=60000&zeroDateTimeBehavior=convertToNull&allowMultiQueries=true, version : 1.2.5, lastPacketReceivedIdleMillis : 145704
14:18:32.289 logback [http-nio-8085-exec-1] WARN  c.a.d.pool.DruidAbstractDataSource - discard long time none received connection. , jdbcUrl : jdbc:mysql://localhost:3306/vtube?useUnicode=true&characterEncoding=utf-8&useSSL=true&serverTimezone=UTC&socketTimeout=60000&zeroDateTimeBehavior=convertToNull&allowMultiQueries=true, version : 1.2.5, lastPacketReceivedIdleMillis : 972171
14:19:44.728 logback [http-nio-8085-exec-2] WARN  c.a.d.pool.DruidAbstractDataSource - discard long time none received connection. , jdbcUrl : jdbc:mysql://localhost:3306/vtube?useUnicode=true&characterEncoding=utf-8&useSSL=true&serverTimezone=UTC&socketTimeout=60000&zeroDateTimeBehavior=convertToNull&allowMultiQueries=true, version : 1.2.5, lastPacketReceivedIdleMillis : 67011
14:19:44.731 logback [http-nio-8085-exec-2] WARN  c.a.d.pool.DruidAbstractDataSource - discard long time none received connection. , jdbcUrl : jdbc:mysql://localhost:3306/vtube?useUnicode=true&characterEncoding=utf-8&useSSL=true&serverTimezone=UTC&socketTimeout=60000&zeroDateTimeBehavior=convertToNull&allowMultiQueries=true, version : 1.2.5, lastPacketReceivedIdleMillis : 72413
14:20:51.042 logback [http-nio-8085-exec-9] WARN  c.a.d.pool.DruidAbstractDataSource - discard long time none received connection. , jdbcUrl : jdbc:mysql://localhost:3306/vtube?useUnicode=true&characterEncoding=utf-8&useSSL=true&serverTimezone=UTC&socketTimeout=60000&zeroDateTimeBehavior=convertToNull&allowMultiQueries=true, version : 1.2.5, lastPacketReceivedIdleMillis : 66264
14:24:36.648 logback [http-nio-8085-exec-1] WARN  c.a.d.pool.DruidAbstractDataSource - discard long time none received connection. , jdbcUrl : jdbc:mysql://localhost:3306/vtube?useUnicode=true&characterEncoding=utf-8&useSSL=true&serverTimezone=UTC&socketTimeout=60000&zeroDateTimeBehavior=convertToNull&allowMultiQueries=true, version : 1.2.5, lastPacketReceivedIdleMillis : 225585
14:27:31.808 logback [http-nio-8085-exec-6] WARN  c.a.d.pool.DruidAbstractDataSource - discard long time none received connection. , jdbcUrl : jdbc:mysql://localhost:3306/vtube?useUnicode=true&characterEncoding=utf-8&useSSL=true&serverTimezone=UTC&socketTimeout=60000&zeroDateTimeBehavior=convertToNull&allowMultiQueries=true, version : 1.2.5, lastPacketReceivedIdleMillis : 148184
14:27:31.808 logback [http-nio-8085-exec-7] WARN  c.a.d.pool.DruidAbstractDataSource - discard long time none received connection. , jdbcUrl : jdbc:mysql://localhost:3306/vtube?useUnicode=true&characterEncoding=utf-8&useSSL=true&serverTimezone=UTC&socketTimeout=60000&zeroDateTimeBehavior=convertToNull&allowMultiQueries=true, version : 1.2.5, lastPacketReceivedIdleMillis : 148200
14:29:53.705 logback [http-nio-8085-exec-3] WARN  c.a.d.pool.DruidAbstractDataSource - discard long time none received connection. , jdbcUrl : jdbc:mysql://localhost:3306/vtube?useUnicode=true&characterEncoding=utf-8&useSSL=true&serverTimezone=UTC&socketTimeout=60000&zeroDateTimeBehavior=convertToNull&allowMultiQueries=true, version : 1.2.5, lastPacketReceivedIdleMillis : 141872
14:29:53.706 logback [http-nio-8085-exec-3] WARN  c.a.d.pool.DruidAbstractDataSource - discard long time none received connection. , jdbcUrl : jdbc:mysql://localhost:3306/vtube?useUnicode=true&characterEncoding=utf-8&useSSL=true&serverTimezone=UTC&socketTimeout=60000&zeroDateTimeBehavior=convertToNull&allowMultiQueries=true, version : 1.2.5, lastPacketReceivedIdleMillis : 141876
14:33:01.134 logback [http-nio-8085-exec-6] WARN  c.a.d.pool.DruidAbstractDataSource - discard long time none received connection. , jdbcUrl : jdbc:mysql://localhost:3306/vtube?useUnicode=true&characterEncoding=utf-8&useSSL=true&serverTimezone=UTC&socketTimeout=60000&zeroDateTimeBehavior=convertToNull&allowMultiQueries=true, version : 1.2.5, lastPacketReceivedIdleMillis : 144260
14:33:01.133 logback [http-nio-8085-exec-7] WARN  c.a.d.pool.DruidAbstractDataSource - discard long time none received connection. , jdbcUrl : jdbc:mysql://localhost:3306/vtube?useUnicode=true&characterEncoding=utf-8&useSSL=true&serverTimezone=UTC&socketTimeout=60000&zeroDateTimeBehavior=convertToNull&allowMultiQueries=true, version : 1.2.5, lastPacketReceivedIdleMillis : 151544
14:37:29.774 logback [http-nio-8085-exec-2] WARN  c.a.d.pool.DruidAbstractDataSource - discard long time none received connection. , jdbcUrl : jdbc:mysql://localhost:3306/vtube?useUnicode=true&characterEncoding=utf-8&useSSL=true&serverTimezone=UTC&socketTimeout=60000&zeroDateTimeBehavior=convertToNull&allowMultiQueries=true, version : 1.2.5, lastPacketReceivedIdleMillis : 251626
14:37:29.775 logback [http-nio-8085-exec-2] WARN  c.a.d.pool.DruidAbstractDataSource - discard long time none received connection. , jdbcUrl : jdbc:mysql://localhost:3306/vtube?useUnicode=true&characterEncoding=utf-8&useSSL=true&serverTimezone=UTC&socketTimeout=60000&zeroDateTimeBehavior=convertToNull&allowMultiQueries=true, version : 1.2.5, lastPacketReceivedIdleMillis : 268625
14:38:48.426 logback [http-nio-8085-exec-4] WARN  c.a.d.pool.DruidAbstractDataSource - discard long time none received connection. , jdbcUrl : jdbc:mysql://localhost:3306/vtube?useUnicode=true&characterEncoding=utf-8&useSSL=true&serverTimezone=UTC&socketTimeout=60000&zeroDateTimeBehavior=convertToNull&allowMultiQueries=true, version : 1.2.5, lastPacketReceivedIdleMillis : 78638
14:38:48.426 logback [http-nio-8085-exec-5] WARN  c.a.d.pool.DruidAbstractDataSource - discard long time none received connection. , jdbcUrl : jdbc:mysql://localhost:3306/vtube?useUnicode=true&characterEncoding=utf-8&useSSL=true&serverTimezone=UTC&socketTimeout=60000&zeroDateTimeBehavior=convertToNull&allowMultiQueries=true, version : 1.2.5, lastPacketReceivedIdleMillis : 78635
14:40:04.665 logback [http-nio-8085-exec-6] WARN  c.a.d.pool.DruidAbstractDataSource - discard long time none received connection. , jdbcUrl : jdbc:mysql://localhost:3306/vtube?useUnicode=true&characterEncoding=utf-8&useSSL=true&serverTimezone=UTC&socketTimeout=60000&zeroDateTimeBehavior=convertToNull&allowMultiQueries=true, version : 1.2.5, lastPacketReceivedIdleMillis : 76222
14:40:04.665 logback [http-nio-8085-exec-7] WARN  c.a.d.pool.DruidAbstractDataSource - discard long time none received connection. , jdbcUrl : jdbc:mysql://localhost:3306/vtube?useUnicode=true&characterEncoding=utf-8&useSSL=true&serverTimezone=UTC&socketTimeout=60000&zeroDateTimeBehavior=convertToNull&allowMultiQueries=true, version : 1.2.5, lastPacketReceivedIdleMillis : 76224
14:41:17.866 logback [http-nio-8085-exec-8] WARN  c.a.d.pool.DruidAbstractDataSource - discard long time none received connection. , jdbcUrl : jdbc:mysql://localhost:3306/vtube?useUnicode=true&characterEncoding=utf-8&useSSL=true&serverTimezone=UTC&socketTimeout=60000&zeroDateTimeBehavior=convertToNull&allowMultiQueries=true, version : 1.2.5, lastPacketReceivedIdleMillis : 73185
14:41:17.867 logback [http-nio-8085-exec-8] WARN  c.a.d.pool.DruidAbstractDataSource - discard long time none received connection. , jdbcUrl : jdbc:mysql://localhost:3306/vtube?useUnicode=true&characterEncoding=utf-8&useSSL=true&serverTimezone=UTC&socketTimeout=60000&zeroDateTimeBehavior=convertToNull&allowMultiQueries=true, version : 1.2.5, lastPacketReceivedIdleMillis : 73188
14:50:00.790 logback [http-nio-8085-exec-6] WARN  c.a.d.pool.DruidAbstractDataSource - discard long time none received connection. , jdbcUrl : jdbc:mysql://localhost:3306/vtube?useUnicode=true&characterEncoding=utf-8&useSSL=true&serverTimezone=UTC&socketTimeout=60000&zeroDateTimeBehavior=convertToNull&allowMultiQueries=true, version : 1.2.5, lastPacketReceivedIdleMillis : 467799
14:50:16.746 logback [http-nio-8085-exec-4] WARN  o.apache.catalina.connector.Request - Creating the temporary upload location [C:\Users\Administrator\AppData\Local\Temp\tomcat.8085.5030993919833385671\work\Tomcat\localhost\ROOT] as it is required by the servlet [dispatcherServlet]
14:53:27.235 logback [http-nio-8085-exec-2] WARN  c.a.d.pool.DruidAbstractDataSource - discard long time none received connection. , jdbcUrl : jdbc:mysql://localhost:3306/vtube?useUnicode=true&characterEncoding=utf-8&useSSL=true&serverTimezone=UTC&socketTimeout=60000&zeroDateTimeBehavior=convertToNull&allowMultiQueries=true, version : 1.2.5, lastPacketReceivedIdleMillis : 190466
14:53:27.235 logback [http-nio-8085-exec-2] WARN  c.a.d.pool.DruidAbstractDataSource - discard long time none received connection. , jdbcUrl : jdbc:mysql://localhost:3306/vtube?useUnicode=true&characterEncoding=utf-8&useSSL=true&serverTimezone=UTC&socketTimeout=60000&zeroDateTimeBehavior=convertToNull&allowMultiQueries=true, version : 1.2.5, lastPacketReceivedIdleMillis : 206414
14:54:55.391 logback [http-nio-8085-exec-9] WARN  c.a.d.pool.DruidAbstractDataSource - discard long time none received connection. , jdbcUrl : jdbc:mysql://localhost:3306/vtube?useUnicode=true&characterEncoding=utf-8&useSSL=true&serverTimezone=UTC&socketTimeout=60000&zeroDateTimeBehavior=convertToNull&allowMultiQueries=true, version : 1.2.5, lastPacketReceivedIdleMillis : 85349
14:54:55.392 logback [http-nio-8085-exec-3] WARN  c.a.d.pool.DruidAbstractDataSource - discard long time none received connection. , jdbcUrl : jdbc:mysql://localhost:3306/vtube?useUnicode=true&characterEncoding=utf-8&useSSL=true&serverTimezone=UTC&socketTimeout=60000&zeroDateTimeBehavior=convertToNull&allowMultiQueries=true, version : 1.2.5, lastPacketReceivedIdleMillis : 72959
14:56:44.660 logback [http-nio-8085-exec-5] WARN  c.a.d.pool.DruidAbstractDataSource - discard long time none received connection. , jdbcUrl : jdbc:mysql://localhost:3306/vtube?useUnicode=true&characterEncoding=utf-8&useSSL=true&serverTimezone=UTC&socketTimeout=60000&zeroDateTimeBehavior=convertToNull&allowMultiQueries=true, version : 1.2.5, lastPacketReceivedIdleMillis : 104176
14:56:44.661 logback [http-nio-8085-exec-5] WARN  c.a.d.pool.DruidAbstractDataSource - discard long time none received connection. , jdbcUrl : jdbc:mysql://localhost:3306/vtube?useUnicode=true&characterEncoding=utf-8&useSSL=true&serverTimezone=UTC&socketTimeout=60000&zeroDateTimeBehavior=convertToNull&allowMultiQueries=true, version : 1.2.5, lastPacketReceivedIdleMillis : 109253
14:58:39.158 logback [http-nio-8085-exec-9] WARN  c.a.d.pool.DruidAbstractDataSource - discard long time none received connection. , jdbcUrl : jdbc:mysql://localhost:3306/vtube?useUnicode=true&characterEncoding=utf-8&useSSL=true&serverTimezone=UTC&socketTimeout=60000&zeroDateTimeBehavior=convertToNull&allowMultiQueries=true, version : 1.2.5, lastPacketReceivedIdleMillis : 114485
14:59:49.276 logback [http-nio-8085-exec-1] WARN  c.a.d.pool.DruidAbstractDataSource - discard long time none received connection. , jdbcUrl : jdbc:mysql://localhost:3306/vtube?useUnicode=true&characterEncoding=utf-8&useSSL=true&serverTimezone=UTC&socketTimeout=60000&zeroDateTimeBehavior=convertToNull&allowMultiQueries=true, version : 1.2.5, lastPacketReceivedIdleMillis : 61602
14:59:49.279 logback [http-nio-8085-exec-1] WARN  c.a.d.pool.DruidAbstractDataSource - discard long time none received connection. , jdbcUrl : jdbc:mysql://localhost:3306/vtube?useUnicode=true&characterEncoding=utf-8&useSSL=true&serverTimezone=UTC&socketTimeout=60000&zeroDateTimeBehavior=convertToNull&allowMultiQueries=true, version : 1.2.5, lastPacketReceivedIdleMillis : 70107
15:00:54.692 logback [http-nio-8085-exec-8] WARN  c.a.d.pool.DruidAbstractDataSource - discard long time none received connection. , jdbcUrl : jdbc:mysql://localhost:3306/vtube?useUnicode=true&characterEncoding=utf-8&useSSL=true&serverTimezone=UTC&socketTimeout=60000&zeroDateTimeBehavior=convertToNull&allowMultiQueries=true, version : 1.2.5, lastPacketReceivedIdleMillis : 65386
15:04:26.907 logback [http-nio-8085-exec-9] WARN  c.a.d.pool.DruidAbstractDataSource - discard long time none received connection. , jdbcUrl : jdbc:mysql://localhost:3306/vtube?useUnicode=true&characterEncoding=utf-8&useSSL=true&serverTimezone=UTC&socketTimeout=60000&zeroDateTimeBehavior=convertToNull&allowMultiQueries=true, version : 1.2.5, lastPacketReceivedIdleMillis : 212197
15:05:37.087 logback [http-nio-8085-exec-6] WARN  c.a.d.pool.DruidAbstractDataSource - discard long time none received connection. , jdbcUrl : jdbc:mysql://localhost:3306/vtube?useUnicode=true&characterEncoding=utf-8&useSSL=true&serverTimezone=UTC&socketTimeout=60000&zeroDateTimeBehavior=convertToNull&allowMultiQueries=true, version : 1.2.5, lastPacketReceivedIdleMillis : 70163
15:09:09.178 logback [http-nio-8085-exec-2] WARN  c.a.d.pool.DruidAbstractDataSource - discard long time none received connection. , jdbcUrl : jdbc:mysql://localhost:3306/vtube?useUnicode=true&characterEncoding=utf-8&useSSL=true&serverTimezone=UTC&socketTimeout=60000&zeroDateTimeBehavior=convertToNull&allowMultiQueries=true, version : 1.2.5, lastPacketReceivedIdleMillis : 212019
15:09:09.178 logback [http-nio-8085-exec-8] WARN  c.a.d.pool.DruidAbstractDataSource - discard long time none received connection. , jdbcUrl : jdbc:mysql://localhost:3306/vtube?useUnicode=true&characterEncoding=utf-8&useSSL=true&serverTimezone=UTC&socketTimeout=60000&zeroDateTimeBehavior=convertToNull&allowMultiQueries=true, version : 1.2.5, lastPacketReceivedIdleMillis : 212054
15:21:01.375 logback [http-nio-8085-exec-9] WARN  c.a.d.pool.DruidAbstractDataSource - discard long time none received connection. , jdbcUrl : jdbc:mysql://localhost:3306/vtube?useUnicode=true&characterEncoding=utf-8&useSSL=true&serverTimezone=UTC&socketTimeout=60000&zeroDateTimeBehavior=convertToNull&allowMultiQueries=true, version : 1.2.5, lastPacketReceivedIdleMillis : 712183
15:21:01.375 logback [http-nio-8085-exec-3] WARN  c.a.d.pool.DruidAbstractDataSource - discard long time none received connection. , jdbcUrl : jdbc:mysql://localhost:3306/vtube?useUnicode=true&characterEncoding=utf-8&useSSL=true&serverTimezone=UTC&socketTimeout=60000&zeroDateTimeBehavior=convertToNull&allowMultiQueries=true, version : 1.2.5, lastPacketReceivedIdleMillis : 671622
15:37:16.720 logback [http-nio-8085-exec-3] WARN  c.a.d.pool.DruidAbstractDataSource - discard long time none received connection. , jdbcUrl : jdbc:mysql://localhost:3306/vtube?useUnicode=true&characterEncoding=utf-8&useSSL=true&serverTimezone=UTC&socketTimeout=60000&zeroDateTimeBehavior=convertToNull&allowMultiQueries=true, version : 1.2.5, lastPacketReceivedIdleMillis : 975329
15:37:16.720 logback [http-nio-8085-exec-7] WARN  c.a.d.pool.DruidAbstractDataSource - discard long time none received connection. , jdbcUrl : jdbc:mysql://localhost:3306/vtube?useUnicode=true&characterEncoding=utf-8&useSSL=true&serverTimezone=UTC&socketTimeout=60000&zeroDateTimeBehavior=convertToNull&allowMultiQueries=true, version : 1.2.5, lastPacketReceivedIdleMillis : 921424
15:49:45.082 logback [http-nio-8085-exec-8] WARN  c.a.d.pool.DruidAbstractDataSource - discard long time none received connection. , jdbcUrl : jdbc:mysql://localhost:3306/vtube?useUnicode=true&characterEncoding=utf-8&useSSL=true&serverTimezone=UTC&socketTimeout=60000&zeroDateTimeBehavior=convertToNull&allowMultiQueries=true, version : 1.2.5, lastPacketReceivedIdleMillis : 748345
15:49:45.082 logback [http-nio-8085-exec-1] WARN  c.a.d.pool.DruidAbstractDataSource - discard long time none received connection. , jdbcUrl : jdbc:mysql://localhost:3306/vtube?useUnicode=true&characterEncoding=utf-8&useSSL=true&serverTimezone=UTC&socketTimeout=60000&zeroDateTimeBehavior=convertToNull&allowMultiQueries=true, version : 1.2.5, lastPacketReceivedIdleMillis : 748348
16:02:58.769 logback [http-nio-8085-exec-5] WARN  c.a.d.pool.DruidAbstractDataSource - discard long time none received connection. , jdbcUrl : jdbc:mysql://localhost:3306/vtube?useUnicode=true&characterEncoding=utf-8&useSSL=true&serverTimezone=UTC&socketTimeout=60000&zeroDateTimeBehavior=convertToNull&allowMultiQueries=true, version : 1.2.5, lastPacketReceivedIdleMillis : 778276
16:02:58.769 logback [http-nio-8085-exec-8] WARN  c.a.d.pool.DruidAbstractDataSource - discard long time none received connection. , jdbcUrl : jdbc:mysql://localhost:3306/vtube?useUnicode=true&characterEncoding=utf-8&useSSL=true&serverTimezone=UTC&socketTimeout=60000&zeroDateTimeBehavior=convertToNull&allowMultiQueries=true, version : 1.2.5, lastPacketReceivedIdleMillis : 778281
16:05:35.193 logback [http-nio-8085-exec-1] WARN  c.a.d.pool.DruidAbstractDataSource - discard long time none received connection. , jdbcUrl : jdbc:mysql://localhost:3306/vtube?useUnicode=true&characterEncoding=utf-8&useSSL=true&serverTimezone=UTC&socketTimeout=60000&zeroDateTimeBehavior=convertToNull&allowMultiQueries=true, version : 1.2.5, lastPacketReceivedIdleMillis : 83104
16:05:35.193 logback [http-nio-8085-exec-2] WARN  c.a.d.pool.DruidAbstractDataSource - discard long time none received connection. , jdbcUrl : jdbc:mysql://localhost:3306/vtube?useUnicode=true&characterEncoding=utf-8&useSSL=true&serverTimezone=UTC&socketTimeout=60000&zeroDateTimeBehavior=convertToNull&allowMultiQueries=true, version : 1.2.5, lastPacketReceivedIdleMillis : 83110
16:07:19.419 logback [http-nio-8085-exec-1] WARN  c.a.d.pool.DruidAbstractDataSource - discard long time none received connection. , jdbcUrl : jdbc:mysql://localhost:3306/vtube?useUnicode=true&characterEncoding=utf-8&useSSL=true&serverTimezone=UTC&socketTimeout=60000&zeroDateTimeBehavior=convertToNull&allowMultiQueries=true, version : 1.2.5, lastPacketReceivedIdleMillis : 76383
16:07:19.419 logback [http-nio-8085-exec-5] WARN  c.a.d.pool.DruidAbstractDataSource - discard long time none received connection. , jdbcUrl : jdbc:mysql://localhost:3306/vtube?useUnicode=true&characterEncoding=utf-8&useSSL=true&serverTimezone=UTC&socketTimeout=60000&zeroDateTimeBehavior=convertToNull&allowMultiQueries=true, version : 1.2.5, lastPacketReceivedIdleMillis : 76377
16:08:51.668 logback [http-nio-8085-exec-4] WARN  c.a.d.pool.DruidAbstractDataSource - discard long time none received connection. , jdbcUrl : jdbc:mysql://localhost:3306/vtube?useUnicode=true&characterEncoding=utf-8&useSSL=true&serverTimezone=UTC&socketTimeout=60000&zeroDateTimeBehavior=convertToNull&allowMultiQueries=true, version : 1.2.5, lastPacketReceivedIdleMillis : 92228
16:08:51.668 logback [http-nio-8085-exec-6] WARN  c.a.d.pool.DruidAbstractDataSource - discard long time none received connection. , jdbcUrl : jdbc:mysql://localhost:3306/vtube?useUnicode=true&characterEncoding=utf-8&useSSL=true&serverTimezone=UTC&socketTimeout=60000&zeroDateTimeBehavior=convertToNull&allowMultiQueries=true, version : 1.2.5, lastPacketReceivedIdleMillis : 92223
16:12:25.833 logback [http-nio-8085-exec-8] WARN  c.a.d.pool.DruidAbstractDataSource - discard long time none received connection. , jdbcUrl : jdbc:mysql://localhost:3306/vtube?useUnicode=true&characterEncoding=utf-8&useSSL=true&serverTimezone=UTC&socketTimeout=60000&zeroDateTimeBehavior=convertToNull&allowMultiQueries=true, version : 1.2.5, lastPacketReceivedIdleMillis : 185786
16:12:25.833 logback [http-nio-8085-exec-7] WARN  c.a.d.pool.DruidAbstractDataSource - discard long time none received connection. , jdbcUrl : jdbc:mysql://localhost:3306/vtube?useUnicode=true&characterEncoding=utf-8&useSSL=true&serverTimezone=UTC&socketTimeout=60000&zeroDateTimeBehavior=convertToNull&allowMultiQueries=true, version : 1.2.5, lastPacketReceivedIdleMillis : 185780
16:13:33.388 logback [http-nio-8085-exec-9] WARN  c.a.d.pool.DruidAbstractDataSource - discard long time none received connection. , jdbcUrl : jdbc:mysql://localhost:3306/vtube?useUnicode=true&characterEncoding=utf-8&useSSL=true&serverTimezone=UTC&socketTimeout=60000&zeroDateTimeBehavior=convertToNull&allowMultiQueries=true, version : 1.2.5, lastPacketReceivedIdleMillis : 67525
16:13:33.388 logback [http-nio-8085-exec-5] WARN  c.a.d.pool.DruidAbstractDataSource - discard long time none received connection. , jdbcUrl : jdbc:mysql://localhost:3306/vtube?useUnicode=true&characterEncoding=utf-8&useSSL=true&serverTimezone=UTC&socketTimeout=60000&zeroDateTimeBehavior=convertToNull&allowMultiQueries=true, version : 1.2.5, lastPacketReceivedIdleMillis : 67520
16:15:15.986 logback [http-nio-8085-exec-4] WARN  c.a.d.pool.DruidAbstractDataSource - discard long time none received connection. , jdbcUrl : jdbc:mysql://localhost:3306/vtube?useUnicode=true&characterEncoding=utf-8&useSSL=true&serverTimezone=UTC&socketTimeout=60000&zeroDateTimeBehavior=convertToNull&allowMultiQueries=true, version : 1.2.5, lastPacketReceivedIdleMillis : 102571
16:15:15.986 logback [http-nio-8085-exec-1] WARN  c.a.d.pool.DruidAbstractDataSource - discard long time none received connection. , jdbcUrl : jdbc:mysql://localhost:3306/vtube?useUnicode=true&characterEncoding=utf-8&useSSL=true&serverTimezone=UTC&socketTimeout=60000&zeroDateTimeBehavior=convertToNull&allowMultiQueries=true, version : 1.2.5, lastPacketReceivedIdleMillis : 102576
16:18:02.519 logback [http-nio-8085-exec-2] WARN  c.a.d.pool.DruidAbstractDataSource - discard long time none received connection. , jdbcUrl : jdbc:mysql://localhost:3306/vtube?useUnicode=true&characterEncoding=utf-8&useSSL=true&serverTimezone=UTC&socketTimeout=60000&zeroDateTimeBehavior=convertToNull&allowMultiQueries=true, version : 1.2.5, lastPacketReceivedIdleMillis : 166507
16:18:02.519 logback [http-nio-8085-exec-3] WARN  c.a.d.pool.DruidAbstractDataSource - discard long time none received connection. , jdbcUrl : jdbc:mysql://localhost:3306/vtube?useUnicode=true&characterEncoding=utf-8&useSSL=true&serverTimezone=UTC&socketTimeout=60000&zeroDateTimeBehavior=convertToNull&allowMultiQueries=true, version : 1.2.5, lastPacketReceivedIdleMillis : 166511
16:25:33.236 logback [http-nio-8085-exec-10] WARN  c.a.d.pool.DruidAbstractDataSource - discard long time none received connection. , jdbcUrl : jdbc:mysql://localhost:3306/vtube?useUnicode=true&characterEncoding=utf-8&useSSL=true&serverTimezone=UTC&socketTimeout=60000&zeroDateTimeBehavior=convertToNull&allowMultiQueries=true, version : 1.2.5, lastPacketReceivedIdleMillis : 413124
16:25:33.236 logback [http-nio-8085-exec-2] WARN  c.a.d.pool.DruidAbstractDataSource - discard long time none received connection. , jdbcUrl : jdbc:mysql://localhost:3306/vtube?useUnicode=true&characterEncoding=utf-8&useSSL=true&serverTimezone=UTC&socketTimeout=60000&zeroDateTimeBehavior=convertToNull&allowMultiQueries=true, version : 1.2.5, lastPacketReceivedIdleMillis : 413120
16:35:40.302 logback [http-nio-8085-exec-5] WARN  c.a.d.pool.DruidAbstractDataSource - discard long time none received connection. , jdbcUrl : jdbc:mysql://localhost:3306/vtube?useUnicode=true&characterEncoding=utf-8&useSSL=true&serverTimezone=UTC&socketTimeout=60000&zeroDateTimeBehavior=convertToNull&allowMultiQueries=true, version : 1.2.5, lastPacketReceivedIdleMillis : 607049
16:35:40.302 logback [http-nio-8085-exec-1] WARN  c.a.d.pool.DruidAbstractDataSource - discard long time none received connection. , jdbcUrl : jdbc:mysql://localhost:3306/vtube?useUnicode=true&characterEncoding=utf-8&useSSL=true&serverTimezone=UTC&socketTimeout=60000&zeroDateTimeBehavior=convertToNull&allowMultiQueries=true, version : 1.2.5, lastPacketReceivedIdleMillis : 607044
16:43:10.544 logback [http-nio-8085-exec-5] WARN  c.a.d.pool.DruidAbstractDataSource - discard long time none received connection. , jdbcUrl : jdbc:mysql://localhost:3306/vtube?useUnicode=true&characterEncoding=utf-8&useSSL=true&serverTimezone=UTC&socketTimeout=60000&zeroDateTimeBehavior=convertToNull&allowMultiQueries=true, version : 1.2.5, lastPacketReceivedIdleMillis : 449410
16:43:10.544 logback [http-nio-8085-exec-4] WARN  c.a.d.pool.DruidAbstractDataSource - discard long time none received connection. , jdbcUrl : jdbc:mysql://localhost:3306/vtube?useUnicode=true&characterEncoding=utf-8&useSSL=true&serverTimezone=UTC&socketTimeout=60000&zeroDateTimeBehavior=convertToNull&allowMultiQueries=true, version : 1.2.5, lastPacketReceivedIdleMillis : 449397
16:53:23.332 logback [http-nio-8085-exec-5] WARN  c.a.d.pool.DruidAbstractDataSource - discard long time none received connection. , jdbcUrl : jdbc:mysql://localhost:3306/vtube?useUnicode=true&characterEncoding=utf-8&useSSL=true&serverTimezone=UTC&socketTimeout=60000&zeroDateTimeBehavior=convertToNull&allowMultiQueries=true, version : 1.2.5, lastPacketReceivedIdleMillis : 600185
16:53:23.332 logback [http-nio-8085-exec-8] WARN  c.a.d.pool.DruidAbstractDataSource - discard long time none received connection. , jdbcUrl : jdbc:mysql://localhost:3306/vtube?useUnicode=true&characterEncoding=utf-8&useSSL=true&serverTimezone=UTC&socketTimeout=60000&zeroDateTimeBehavior=convertToNull&allowMultiQueries=true, version : 1.2.5, lastPacketReceivedIdleMillis : 549823
16:56:56.949 logback [http-nio-8085-exec-6] WARN  c.a.d.pool.DruidAbstractDataSource - discard long time none received connection. , jdbcUrl : jdbc:mysql://localhost:3306/vtube?useUnicode=true&characterEncoding=utf-8&useSSL=true&serverTimezone=UTC&socketTimeout=60000&zeroDateTimeBehavior=convertToNull&allowMultiQueries=true, version : 1.2.5, lastPacketReceivedIdleMillis : 179648
16:56:56.949 logback [http-nio-8085-exec-9] WARN  c.a.d.pool.DruidAbstractDataSource - discard long time none received connection. , jdbcUrl : jdbc:mysql://localhost:3306/vtube?useUnicode=true&characterEncoding=utf-8&useSSL=true&serverTimezone=UTC&socketTimeout=60000&zeroDateTimeBehavior=convertToNull&allowMultiQueries=true, version : 1.2.5, lastPacketReceivedIdleMillis : 179642
17:15:20.186 logback [http-nio-8085-exec-7] WARN  c.a.d.pool.DruidAbstractDataSource - discard long time none received connection. , jdbcUrl : jdbc:mysql://localhost:3306/vtube?useUnicode=true&characterEncoding=utf-8&useSSL=true&serverTimezone=UTC&socketTimeout=60000&zeroDateTimeBehavior=convertToNull&allowMultiQueries=true, version : 1.2.5, lastPacketReceivedIdleMillis : 1103215
17:15:20.186 logback [http-nio-8085-exec-8] WARN  c.a.d.pool.DruidAbstractDataSource - discard long time none received connection. , jdbcUrl : jdbc:mysql://localhost:3306/vtube?useUnicode=true&characterEncoding=utf-8&useSSL=true&serverTimezone=UTC&socketTimeout=60000&zeroDateTimeBehavior=convertToNull&allowMultiQueries=true, version : 1.2.5, lastPacketReceivedIdleMillis : 1103220
17:23:45.139 logback [http-nio-8085-exec-1] ERROR o.a.c.c.C.[.[.[.[dispatcherServlet] - Servlet.service() for servlet [dispatcherServlet] in context with path [] threw exception [Request processing failed: cn.dev33.satoken.exception.NotLoginException: 未能读取到有效 token] with root cause
cn.dev33.satoken.exception.NotLoginException: 未能读取到有效 token
	at cn.dev33.satoken.exception.NotLoginException.newInstance(NotLoginException.java:134)
	at cn.dev33.satoken.stp.StpLogic.getLoginId(StpLogic.java:941)
	at cn.dev33.satoken.stp.StpLogic.checkLogin(StpLogic.java:923)
	at cn.dev33.satoken.stp.StpUtil.checkLogin(StpUtil.java:331)
	at com.vtube.comfig.SaTokenConfig.lambda$addInterceptors$0(SaTokenConfig.java:29)
	at cn.dev33.satoken.interceptor.SaInterceptor.preHandle(SaInterceptor.java:114)
	at org.springframework.web.servlet.HandlerExecutionChain.applyPreHandle(HandlerExecutionChain.java:146)
	at org.springframework.web.servlet.DispatcherServlet.doDispatch(DispatcherServlet.java:1076)
	at org.springframework.web.servlet.DispatcherServlet.doService(DispatcherServlet.java:974)
	at org.springframework.web.servlet.FrameworkServlet.processRequest(FrameworkServlet.java:1011)
	at org.springframework.web.servlet.FrameworkServlet.doPost(FrameworkServlet.java:914)
	at jakarta.servlet.http.HttpServlet.service(HttpServlet.java:547)
	at org.springframework.web.servlet.FrameworkServlet.service(FrameworkServlet.java:885)
	at jakarta.servlet.http.HttpServlet.service(HttpServlet.java:614)
	at org.apache.catalina.core.ApplicationFilterChain.internalDoFilter(ApplicationFilterChain.java:205)
	at org.apache.catalina.core.ApplicationFilterChain.doFilter(ApplicationFilterChain.java:149)
	at org.apache.tomcat.websocket.server.WsFilter.doFilter(WsFilter.java:51)
	at org.apache.catalina.core.ApplicationFilterChain.internalDoFilter(ApplicationFilterChain.java:174)
	at org.apache.catalina.core.ApplicationFilterChain.doFilter(ApplicationFilterChain.java:149)
	at org.springframework.web.filter.CorsFilter.doFilterInternal(CorsFilter.java:91)
	at org.springframework.web.filter.OncePerRequestFilter.doFilter(OncePerRequestFilter.java:116)
	at org.apache.catalina.core.ApplicationFilterChain.internalDoFilter(ApplicationFilterChain.java:174)
	at org.apache.catalina.core.ApplicationFilterChain.doFilter(ApplicationFilterChain.java:149)
	at cn.dev33.satoken.filter.SaServletFilter.doFilter(SaServletFilter.java:150)
	at org.apache.catalina.core.ApplicationFilterChain.internalDoFilter(ApplicationFilterChain.java:174)
	at org.apache.catalina.core.ApplicationFilterChain.doFilter(ApplicationFilterChain.java:149)
	at org.springframework.web.filter.RequestContextFilter.doFilterInternal(RequestContextFilter.java:100)
	at org.springframework.web.filter.OncePerRequestFilter.doFilter(OncePerRequestFilter.java:116)
	at org.apache.catalina.core.ApplicationFilterChain.internalDoFilter(ApplicationFilterChain.java:174)
	at org.apache.catalina.core.ApplicationFilterChain.doFilter(ApplicationFilterChain.java:149)
	at cn.dev33.satoken.filter.SaPathCheckFilterForJakartaServlet.doFilter(SaPathCheckFilterForJakartaServlet.java:55)
	at org.apache.catalina.core.ApplicationFilterChain.internalDoFilter(ApplicationFilterChain.java:174)
	at org.apache.catalina.core.ApplicationFilterChain.doFilter(ApplicationFilterChain.java:149)
	at org.springframework.web.filter.FormContentFilter.doFilterInternal(FormContentFilter.java:93)
	at org.springframework.web.filter.OncePerRequestFilter.doFilter(OncePerRequestFilter.java:116)
	at org.apache.catalina.core.ApplicationFilterChain.internalDoFilter(ApplicationFilterChain.java:174)
	at org.apache.catalina.core.ApplicationFilterChain.doFilter(ApplicationFilterChain.java:149)
	at org.springframework.web.filter.CharacterEncodingFilter.doFilterInternal(CharacterEncodingFilter.java:201)
	at org.springframework.web.filter.OncePerRequestFilter.doFilter(OncePerRequestFilter.java:116)
	at org.apache.catalina.core.ApplicationFilterChain.internalDoFilter(ApplicationFilterChain.java:174)
	at org.apache.catalina.core.ApplicationFilterChain.doFilter(ApplicationFilterChain.java:149)
	at org.apache.catalina.core.StandardWrapperValve.invoke(StandardWrapperValve.java:166)
	at org.apache.catalina.core.StandardContextValve.invoke(StandardContextValve.java:90)
	at org.apache.catalina.authenticator.AuthenticatorBase.invoke(AuthenticatorBase.java:482)
	at org.apache.catalina.core.StandardHostValve.invoke(StandardHostValve.java:115)
	at org.apache.catalina.valves.ErrorReportValve.invoke(ErrorReportValve.java:93)
	at org.apache.catalina.core.StandardEngineValve.invoke(StandardEngineValve.java:74)
	at org.apache.catalina.connector.CoyoteAdapter.service(CoyoteAdapter.java:341)
	at org.apache.coyote.http11.Http11Processor.service(Http11Processor.java:390)
	at org.apache.coyote.AbstractProcessorLight.process(AbstractProcessorLight.java:63)
	at org.apache.coyote.AbstractProtocol$ConnectionHandler.process(AbstractProtocol.java:894)
	at org.apache.tomcat.util.net.NioEndpoint$SocketProcessor.doRun(NioEndpoint.java:1741)
	at org.apache.tomcat.util.net.SocketProcessorBase.run(SocketProcessorBase.java:52)
	at org.apache.tomcat.util.threads.ThreadPoolExecutor.runWorker(ThreadPoolExecutor.java:1191)
	at org.apache.tomcat.util.threads.ThreadPoolExecutor$Worker.run(ThreadPoolExecutor.java:659)
	at org.apache.tomcat.util.threads.TaskThread$WrappingRunnable.run(TaskThread.java:61)
	at java.base/java.lang.Thread.run(Thread.java:1589)
17:24:25.062 logback [http-nio-8085-exec-3] WARN  c.a.d.pool.DruidAbstractDataSource - discard long time none received connection. , jdbcUrl : jdbc:mysql://localhost:3306/vtube?useUnicode=true&characterEncoding=utf-8&useSSL=true&serverTimezone=UTC&socketTimeout=60000&zeroDateTimeBehavior=convertToNull&allowMultiQueries=true, version : 1.2.5, lastPacketReceivedIdleMillis : 544851
17:24:25.063 logback [http-nio-8085-exec-3] WARN  c.a.d.pool.DruidAbstractDataSource - discard long time none received connection. , jdbcUrl : jdbc:mysql://localhost:3306/vtube?useUnicode=true&characterEncoding=utf-8&useSSL=true&serverTimezone=UTC&socketTimeout=60000&zeroDateTimeBehavior=convertToNull&allowMultiQueries=true, version : 1.2.5, lastPacketReceivedIdleMillis : 544858
17:27:14.025 logback [http-nio-8085-exec-3] WARN  c.a.d.pool.DruidAbstractDataSource - discard long time none received connection. , jdbcUrl : jdbc:mysql://localhost:3306/vtube?useUnicode=true&characterEncoding=utf-8&useSSL=true&serverTimezone=UTC&socketTimeout=60000&zeroDateTimeBehavior=convertToNull&allowMultiQueries=true, version : 1.2.5, lastPacketReceivedIdleMillis : 96735
17:27:14.026 logback [http-nio-8085-exec-3] WARN  c.a.d.pool.DruidAbstractDataSource - discard long time none received connection. , jdbcUrl : jdbc:mysql://localhost:3306/vtube?useUnicode=true&characterEncoding=utf-8&useSSL=true&serverTimezone=UTC&socketTimeout=60000&zeroDateTimeBehavior=convertToNull&allowMultiQueries=true, version : 1.2.5, lastPacketReceivedIdleMillis : 96739
